TOP.670b02ca.00052e28	START
TOP.670b02ca.00052e28	folder_config->cwd	/home/jjarmon/Hashcat-Trial
TOP.670b02ca.00052e28	folder_config->install_dir	/home/jjarmon/Hashcat-Trial
TOP.670b02ca.00052e28	folder_config->profile_dir	/home/jjarmon/Hashcat-Trial
TOP.670b02ca.00052e28	folder_config->session_dir	/home/jjarmon/Hashcat-Trial
TOP.670b02ca.00052e28	folder_config->shared_dir	/home/jjarmon/Hashcat-Trial
TOP.670b02ca.00052e28	user_options->encoding_from	utf-8
TOP.670b02ca.00052e28	user_options->encoding_to	utf-8
TOP.670b02ca.00052e28	user_options->rule_buf_l	:
TOP.670b02ca.00052e28	user_options->rule_buf_r	:
TOP.670b02ca.00052e28	user_options->session	hashcat
TOP.670b02ca.00052e28	user_options->separator	:
TOP.670b02ca.00052e28	user_options->limit	0
TOP.670b02ca.00052e28	user_options->skip	0
TOP.670b02ca.00052e28	user_options->attack_mode	0
TOP.670b02ca.00052e28	user_options->backend_devices_virtual	1
TOP.670b02ca.00052e28	user_options->benchmark	0
TOP.670b02ca.00052e28	user_options->benchmark_all	0
TOP.670b02ca.00052e28	user_options->bitmap_max	18
TOP.670b02ca.00052e28	user_options->bitmap_min	16
TOP.670b02ca.00052e28	user_options->debug_mode	0
TOP.670b02ca.00052e28	user_options->dynamic_x	0
TOP.670b02ca.00052e28	user_options->hash_info	0
TOP.670b02ca.00052e28	user_options->force	0
TOP.670b02ca.00052e28	user_options->hwmon	1
TOP.670b02ca.00052e28	user_options->hwmon_temp_abort	90
TOP.670b02ca.00052e28	user_options->hash_mode	0
TOP.670b02ca.00052e28	user_options->hex_charset	0
TOP.670b02ca.00052e28	user_options->hex_salt	0
TOP.670b02ca.00052e28	user_options->hex_wordlist	0
TOP.670b02ca.00052e28	user_options->hook_threads	20
TOP.670b02ca.00052e28	user_options->identify	0
TOP.670b02ca.00052e28	user_options->increment	0
TOP.670b02ca.00052e28	user_options->increment_max	256
TOP.670b02ca.00052e28	user_options->increment_min	1
TOP.670b02ca.00052e28	user_options->keep_guessing	0
TOP.670b02ca.00052e28	user_options->kernel_accel	0
TOP.670b02ca.00052e28	user_options->kernel_loops	0
TOP.670b02ca.00052e28	user_options->kernel_threads	0
TOP.670b02ca.00052e28	user_options->keyspace	0
TOP.670b02ca.00052e28	user_options->left	0
TOP.670b02ca.00052e28	user_options->logfile	1
TOP.670b02ca.00052e28	user_options->loopback	0
TOP.670b02ca.00052e28	user_options->machine_readable	0
TOP.670b02ca.00052e28	user_options->markov_classic	0
TOP.670b02ca.00052e28	user_options->markov	1
TOP.670b02ca.00052e28	user_options->markov_inverse	0
TOP.670b02ca.00052e28	user_options->markov_threshold	256
TOP.670b02ca.00052e28	user_options->metal_compiler_runtime	120
TOP.670b02ca.00052e28	user_options->multiply_accel	1
TOP.670b02ca.00052e28	user_options->backend_info	0
TOP.670b02ca.00052e28	user_options->backend_vector_width	0
TOP.670b02ca.00052e28	user_options->optimized_kernel	0
TOP.670b02ca.00052e28	user_options->outfile_autohex	1
TOP.670b02ca.00052e28	user_options->outfile_check_timer	5
TOP.670b02ca.00052e28	user_options->outfile_format	3
TOP.670b02ca.00052e28	user_options->outfile_json	0
TOP.670b02ca.00052e28	user_options->wordlist_autohex	1
TOP.670b02ca.00052e28	user_options->potfile	1
TOP.670b02ca.00052e28	user_options->progress_only	0
TOP.670b02ca.00052e28	user_options->quiet	0
TOP.670b02ca.00052e28	user_options->remove	0
TOP.670b02ca.00052e28	user_options->remove_timer	60
TOP.670b02ca.00052e28	user_options->restore	0
TOP.670b02ca.00052e28	user_options->restore_enable	1
TOP.670b02ca.00052e28	user_options->restore_timer	1
TOP.670b02ca.00052e28	user_options->rp_files_cnt	0
TOP.670b02ca.00052e28	user_options->rp_gen	0
TOP.670b02ca.00052e28	user_options->rp_gen_func_max	4
TOP.670b02ca.00052e28	user_options->rp_gen_func_min	1
TOP.670b02ca.00052e28	user_options->rp_gen_seed	0
TOP.670b02ca.00052e28	user_options->runtime	0
TOP.670b02ca.00052e28	user_options->scrypt_tmto	0
TOP.670b02ca.00052e28	user_options->segment_size	33554432
TOP.670b02ca.00052e28	user_options->self_test	1
TOP.670b02ca.00052e28	user_options->slow_candidates	0
TOP.670b02ca.00052e28	user_options->show	0
TOP.670b02ca.00052e28	user_options->speed_only	0
TOP.670b02ca.00052e28	user_options->spin_damp	0
TOP.670b02ca.00052e28	user_options->status	0
TOP.670b02ca.00052e28	user_options->status_json	0
TOP.670b02ca.00052e28	user_options->status_timer	10
TOP.670b02ca.00052e28	user_options->stdout_flag	0
TOP.670b02ca.00052e28	user_options->usage	0
TOP.670b02ca.00052e28	user_options->username	0
TOP.670b02ca.00052e28	user_options->veracrypt_pim_start	485
TOP.670b02ca.00052e28	user_options->veracrypt_pim_stop	485
TOP.670b02ca.00052e28	user_options->version	0
TOP.670b02ca.00052e28	user_options->workload_profile	2
TOP.670b02ca.00052e28	user_options->brain_client	0
TOP.670b02ca.00052e28	user_options->brain_client_features	2
TOP.670b02ca.00052e28	user_options->brain_server	0
TOP.670b02ca.00052e28	user_options->brain_server_timer	300
TOP.670b02ca.00052e28	user_options->brain_port	6863
TOP.670b02ca.00052e28	user_options->brain_session	0
TOP.670b02ca.00052e28	proc_start	1728774858
TOP.670b02ca.00052e28	proc_stop	1728774858
TOP.670b02ca.00052e28	STOP
TOP.670b0498.0009a0c3	START
TOP.670b0498.0009a0c3	folder_config->cwd	/home/jjarmon/Hashcat-Trial
TOP.670b0498.0009a0c3	folder_config->install_dir	/home/jjarmon/Hashcat-Trial
TOP.670b0498.0009a0c3	folder_config->profile_dir	/home/jjarmon/Hashcat-Trial
TOP.670b0498.0009a0c3	folder_config->session_dir	/home/jjarmon/Hashcat-Trial
TOP.670b0498.0009a0c3	folder_config->shared_dir	/home/jjarmon/Hashcat-Trial
TOP.670b0498.0009a0c3	user_options->encoding_from	utf-8
TOP.670b0498.0009a0c3	user_options->encoding_to	utf-8
TOP.670b0498.0009a0c3	user_options->rule_buf_l	:
TOP.670b0498.0009a0c3	user_options->rule_buf_r	:
TOP.670b0498.0009a0c3	user_options->session	hashcat
TOP.670b0498.0009a0c3	user_options->separator	:
TOP.670b0498.0009a0c3	user_options->limit	0
TOP.670b0498.0009a0c3	user_options->skip	0
TOP.670b0498.0009a0c3	user_options->attack_mode	0
TOP.670b0498.0009a0c3	user_options->backend_devices_virtual	1
TOP.670b0498.0009a0c3	user_options->benchmark	0
TOP.670b0498.0009a0c3	user_options->benchmark_all	0
TOP.670b0498.0009a0c3	user_options->bitmap_max	18
TOP.670b0498.0009a0c3	user_options->bitmap_min	16
TOP.670b0498.0009a0c3	user_options->debug_mode	0
TOP.670b0498.0009a0c3	user_options->dynamic_x	0
TOP.670b0498.0009a0c3	user_options->hash_info	0
TOP.670b0498.0009a0c3	user_options->force	0
TOP.670b0498.0009a0c3	user_options->hwmon	1
TOP.670b0498.0009a0c3	user_options->hwmon_temp_abort	90
TOP.670b0498.0009a0c3	user_options->hash_mode	0
TOP.670b0498.0009a0c3	user_options->hex_charset	0
TOP.670b0498.0009a0c3	user_options->hex_salt	0
TOP.670b0498.0009a0c3	user_options->hex_wordlist	0
TOP.670b0498.0009a0c3	user_options->hook_threads	20
TOP.670b0498.0009a0c3	user_options->identify	0
TOP.670b0498.0009a0c3	user_options->increment	0
TOP.670b0498.0009a0c3	user_options->increment_max	256
TOP.670b0498.0009a0c3	user_options->increment_min	1
TOP.670b0498.0009a0c3	user_options->keep_guessing	0
TOP.670b0498.0009a0c3	user_options->kernel_accel	0
TOP.670b0498.0009a0c3	user_options->kernel_loops	0
TOP.670b0498.0009a0c3	user_options->kernel_threads	0
TOP.670b0498.0009a0c3	user_options->keyspace	0
TOP.670b0498.0009a0c3	user_options->left	0
TOP.670b0498.0009a0c3	user_options->logfile	1
TOP.670b0498.0009a0c3	user_options->loopback	0
TOP.670b0498.0009a0c3	user_options->machine_readable	0
TOP.670b0498.0009a0c3	user_options->markov_classic	0
TOP.670b0498.0009a0c3	user_options->markov	1
TOP.670b0498.0009a0c3	user_options->markov_inverse	0
TOP.670b0498.0009a0c3	user_options->markov_threshold	256
TOP.670b0498.0009a0c3	user_options->metal_compiler_runtime	120
TOP.670b0498.0009a0c3	user_options->multiply_accel	1
TOP.670b0498.0009a0c3	user_options->backend_info	0
TOP.670b0498.0009a0c3	user_options->backend_vector_width	0
TOP.670b0498.0009a0c3	user_options->optimized_kernel	0
TOP.670b0498.0009a0c3	user_options->outfile_autohex	1
TOP.670b0498.0009a0c3	user_options->outfile_check_timer	5
TOP.670b0498.0009a0c3	user_options->outfile_format	3
TOP.670b0498.0009a0c3	user_options->outfile_json	0
TOP.670b0498.0009a0c3	user_options->wordlist_autohex	1
TOP.670b0498.0009a0c3	user_options->potfile	1
TOP.670b0498.0009a0c3	user_options->progress_only	0
TOP.670b0498.0009a0c3	user_options->quiet	0
TOP.670b0498.0009a0c3	user_options->remove	0
TOP.670b0498.0009a0c3	user_options->remove_timer	60
TOP.670b0498.0009a0c3	user_options->restore	0
TOP.670b0498.0009a0c3	user_options->restore_enable	1
TOP.670b0498.0009a0c3	user_options->restore_timer	1
TOP.670b0498.0009a0c3	user_options->rp_files_cnt	0
TOP.670b0498.0009a0c3	user_options->rp_gen	0
TOP.670b0498.0009a0c3	user_options->rp_gen_func_max	4
TOP.670b0498.0009a0c3	user_options->rp_gen_func_min	1
TOP.670b0498.0009a0c3	user_options->rp_gen_seed	0
TOP.670b0498.0009a0c3	user_options->runtime	0
TOP.670b0498.0009a0c3	user_options->scrypt_tmto	0
TOP.670b0498.0009a0c3	user_options->segment_size	33554432
TOP.670b0498.0009a0c3	user_options->self_test	1
TOP.670b0498.0009a0c3	user_options->slow_candidates	0
TOP.670b0498.0009a0c3	user_options->show	0
TOP.670b0498.0009a0c3	user_options->speed_only	0
TOP.670b0498.0009a0c3	user_options->spin_damp	0
TOP.670b0498.0009a0c3	user_options->status	0
TOP.670b0498.0009a0c3	user_options->status_json	0
TOP.670b0498.0009a0c3	user_options->status_timer	10
TOP.670b0498.0009a0c3	user_options->stdout_flag	0
TOP.670b0498.0009a0c3	user_options->usage	0
TOP.670b0498.0009a0c3	user_options->username	0
TOP.670b0498.0009a0c3	user_options->veracrypt_pim_start	485
TOP.670b0498.0009a0c3	user_options->veracrypt_pim_stop	485
TOP.670b0498.0009a0c3	user_options->version	0
TOP.670b0498.0009a0c3	user_options->workload_profile	2
TOP.670b0498.0009a0c3	user_options->brain_client	0
TOP.670b0498.0009a0c3	user_options->brain_client_features	2
TOP.670b0498.0009a0c3	user_options->brain_server	0
TOP.670b0498.0009a0c3	user_options->brain_server_timer	300
TOP.670b0498.0009a0c3	user_options->brain_port	6863
TOP.670b0498.0009a0c3	user_options->brain_session	0
TOP.670b0498.0009a0c3	proc_start	1728775320
TOP.670b0498.0009a0c3	proc_stop	1728775320
TOP.670b0498.0009a0c3	STOP
TOP.670b049f.000f13f6	START
TOP.670b049f.000f13f6	folder_config->cwd	/home/jjarmon/Hashcat-Trial
TOP.670b049f.000f13f6	folder_config->install_dir	/home/jjarmon/Hashcat-Trial
TOP.670b049f.000f13f6	folder_config->profile_dir	/home/jjarmon/Hashcat-Trial
TOP.670b049f.000f13f6	folder_config->session_dir	/home/jjarmon/Hashcat-Trial
TOP.670b049f.000f13f6	folder_config->shared_dir	/home/jjarmon/Hashcat-Trial
TOP.670b049f.000f13f6	user_options->encoding_from	utf-8
TOP.670b049f.000f13f6	user_options->encoding_to	utf-8
TOP.670b049f.000f13f6	user_options->rule_buf_l	:
TOP.670b049f.000f13f6	user_options->rule_buf_r	:
TOP.670b049f.000f13f6	user_options->session	hashcat
TOP.670b049f.000f13f6	user_options->separator	:
TOP.670b049f.000f13f6	user_options->limit	0
TOP.670b049f.000f13f6	user_options->skip	0
TOP.670b049f.000f13f6	user_options->attack_mode	0
TOP.670b049f.000f13f6	user_options->backend_devices_virtual	1
TOP.670b049f.000f13f6	user_options->benchmark	0
TOP.670b049f.000f13f6	user_options->benchmark_all	0
TOP.670b049f.000f13f6	user_options->bitmap_max	18
TOP.670b049f.000f13f6	user_options->bitmap_min	16
TOP.670b049f.000f13f6	user_options->debug_mode	0
TOP.670b049f.000f13f6	user_options->dynamic_x	0
TOP.670b049f.000f13f6	user_options->hash_info	0
TOP.670b049f.000f13f6	user_options->force	0
TOP.670b049f.000f13f6	user_options->hwmon	1
TOP.670b049f.000f13f6	user_options->hwmon_temp_abort	90
TOP.670b049f.000f13f6	user_options->hash_mode	0
TOP.670b049f.000f13f6	user_options->hex_charset	0
TOP.670b049f.000f13f6	user_options->hex_salt	0
TOP.670b049f.000f13f6	user_options->hex_wordlist	0
TOP.670b049f.000f13f6	user_options->hook_threads	20
TOP.670b049f.000f13f6	user_options->identify	0
TOP.670b049f.000f13f6	user_options->increment	0
TOP.670b049f.000f13f6	user_options->increment_max	256
TOP.670b049f.000f13f6	user_options->increment_min	1
TOP.670b049f.000f13f6	user_options->keep_guessing	0
TOP.670b049f.000f13f6	user_options->kernel_accel	0
TOP.670b049f.000f13f6	user_options->kernel_loops	0
TOP.670b049f.000f13f6	user_options->kernel_threads	0
TOP.670b049f.000f13f6	user_options->keyspace	0
TOP.670b049f.000f13f6	user_options->left	0
TOP.670b049f.000f13f6	user_options->logfile	1
TOP.670b049f.000f13f6	user_options->loopback	0
TOP.670b049f.000f13f6	user_options->machine_readable	0
TOP.670b049f.000f13f6	user_options->markov_classic	0
TOP.670b049f.000f13f6	user_options->markov	1
TOP.670b049f.000f13f6	user_options->markov_inverse	0
TOP.670b049f.000f13f6	user_options->markov_threshold	256
TOP.670b049f.000f13f6	user_options->metal_compiler_runtime	120
TOP.670b049f.000f13f6	user_options->multiply_accel	1
TOP.670b049f.000f13f6	user_options->backend_info	0
TOP.670b049f.000f13f6	user_options->backend_vector_width	0
TOP.670b049f.000f13f6	user_options->optimized_kernel	0
TOP.670b049f.000f13f6	user_options->outfile_autohex	1
TOP.670b049f.000f13f6	user_options->outfile_check_timer	5
TOP.670b049f.000f13f6	user_options->outfile_format	3
TOP.670b049f.000f13f6	user_options->outfile_json	0
TOP.670b049f.000f13f6	user_options->wordlist_autohex	1
TOP.670b049f.000f13f6	user_options->potfile	1
TOP.670b049f.000f13f6	user_options->progress_only	0
TOP.670b049f.000f13f6	user_options->quiet	0
TOP.670b049f.000f13f6	user_options->remove	0
TOP.670b049f.000f13f6	user_options->remove_timer	60
TOP.670b049f.000f13f6	user_options->restore	0
TOP.670b049f.000f13f6	user_options->restore_enable	1
TOP.670b049f.000f13f6	user_options->restore_timer	1
TOP.670b049f.000f13f6	user_options->rp_files_cnt	0
TOP.670b049f.000f13f6	user_options->rp_gen	0
TOP.670b049f.000f13f6	user_options->rp_gen_func_max	4
TOP.670b049f.000f13f6	user_options->rp_gen_func_min	1
TOP.670b049f.000f13f6	user_options->rp_gen_seed	0
TOP.670b049f.000f13f6	user_options->runtime	0
TOP.670b049f.000f13f6	user_options->scrypt_tmto	0
TOP.670b049f.000f13f6	user_options->segment_size	33554432
TOP.670b049f.000f13f6	user_options->self_test	1
TOP.670b049f.000f13f6	user_options->slow_candidates	0
TOP.670b049f.000f13f6	user_options->show	0
TOP.670b049f.000f13f6	user_options->speed_only	0
TOP.670b049f.000f13f6	user_options->spin_damp	0
TOP.670b049f.000f13f6	user_options->status	0
TOP.670b049f.000f13f6	user_options->status_json	0
TOP.670b049f.000f13f6	user_options->status_timer	10
TOP.670b049f.000f13f6	user_options->stdout_flag	0
TOP.670b049f.000f13f6	user_options->usage	0
TOP.670b049f.000f13f6	user_options->username	0
TOP.670b049f.000f13f6	user_options->veracrypt_pim_start	485
TOP.670b049f.000f13f6	user_options->veracrypt_pim_stop	485
TOP.670b049f.000f13f6	user_options->version	0
TOP.670b049f.000f13f6	user_options->workload_profile	2
TOP.670b049f.000f13f6	user_options->brain_client	0
TOP.670b049f.000f13f6	user_options->brain_client_features	2
TOP.670b049f.000f13f6	user_options->brain_server	0
TOP.670b049f.000f13f6	user_options->brain_server_timer	300
TOP.670b049f.000f13f6	user_options->brain_port	6863
TOP.670b049f.000f13f6	user_options->brain_session	0
TOP.670b049f.000f13f6	proc_start	1728775327
TOP.670b049f.000f13f6	proc_stop	1728775328
TOP.670b049f.000f13f6	STOP
TOP.670b04b3.00081572	START
TOP.670b04b3.00081572	folder_config->cwd	/home/jjarmon/Hashcat-Trial
TOP.670b04b3.00081572	folder_config->install_dir	/home/jjarmon/Hashcat-Trial
TOP.670b04b3.00081572	folder_config->profile_dir	/home/jjarmon/Hashcat-Trial
TOP.670b04b3.00081572	folder_config->session_dir	/home/jjarmon/Hashcat-Trial
TOP.670b04b3.00081572	folder_config->shared_dir	/home/jjarmon/Hashcat-Trial
TOP.670b04b3.00081572	user_options->encoding_from	utf-8
TOP.670b04b3.00081572	user_options->encoding_to	utf-8
TOP.670b04b3.00081572	user_options->rule_buf_l	:
TOP.670b04b3.00081572	user_options->rule_buf_r	:
TOP.670b04b3.00081572	user_options->session	hashcat
TOP.670b04b3.00081572	user_options->separator	:
TOP.670b04b3.00081572	user_options->limit	0
TOP.670b04b3.00081572	user_options->skip	0
TOP.670b04b3.00081572	user_options->attack_mode	0
TOP.670b04b3.00081572	user_options->backend_devices_virtual	1
TOP.670b04b3.00081572	user_options->benchmark	0
TOP.670b04b3.00081572	user_options->benchmark_all	0
TOP.670b04b3.00081572	user_options->bitmap_max	18
TOP.670b04b3.00081572	user_options->bitmap_min	16
TOP.670b04b3.00081572	user_options->debug_mode	0
TOP.670b04b3.00081572	user_options->dynamic_x	0
TOP.670b04b3.00081572	user_options->hash_info	0
TOP.670b04b3.00081572	user_options->force	0
TOP.670b04b3.00081572	user_options->hwmon	1
TOP.670b04b3.00081572	user_options->hwmon_temp_abort	90
TOP.670b04b3.00081572	user_options->hash_mode	0
TOP.670b04b3.00081572	user_options->hex_charset	0
TOP.670b04b3.00081572	user_options->hex_salt	0
TOP.670b04b3.00081572	user_options->hex_wordlist	0
TOP.670b04b3.00081572	user_options->hook_threads	20
TOP.670b04b3.00081572	user_options->identify	0
TOP.670b04b3.00081572	user_options->increment	0
TOP.670b04b3.00081572	user_options->increment_max	256
TOP.670b04b3.00081572	user_options->increment_min	1
TOP.670b04b3.00081572	user_options->keep_guessing	0
TOP.670b04b3.00081572	user_options->kernel_accel	0
TOP.670b04b3.00081572	user_options->kernel_loops	0
TOP.670b04b3.00081572	user_options->kernel_threads	0
TOP.670b04b3.00081572	user_options->keyspace	0
TOP.670b04b3.00081572	user_options->left	0
TOP.670b04b3.00081572	user_options->logfile	1
TOP.670b04b3.00081572	user_options->loopback	0
TOP.670b04b3.00081572	user_options->machine_readable	0
TOP.670b04b3.00081572	user_options->markov_classic	0
TOP.670b04b3.00081572	user_options->markov	1
TOP.670b04b3.00081572	user_options->markov_inverse	0
TOP.670b04b3.00081572	user_options->markov_threshold	256
TOP.670b04b3.00081572	user_options->metal_compiler_runtime	120
TOP.670b04b3.00081572	user_options->multiply_accel	1
TOP.670b04b3.00081572	user_options->backend_info	0
TOP.670b04b3.00081572	user_options->backend_vector_width	0
TOP.670b04b3.00081572	user_options->optimized_kernel	0
TOP.670b04b3.00081572	user_options->outfile_autohex	1
TOP.670b04b3.00081572	user_options->outfile_check_timer	5
TOP.670b04b3.00081572	user_options->outfile_format	3
TOP.670b04b3.00081572	user_options->outfile_json	0
TOP.670b04b3.00081572	user_options->wordlist_autohex	1
TOP.670b04b3.00081572	user_options->potfile	1
TOP.670b04b3.00081572	user_options->progress_only	0
TOP.670b04b3.00081572	user_options->quiet	0
TOP.670b04b3.00081572	user_options->remove	0
TOP.670b04b3.00081572	user_options->remove_timer	60
TOP.670b04b3.00081572	user_options->restore	0
TOP.670b04b3.00081572	user_options->restore_enable	1
TOP.670b04b3.00081572	user_options->restore_timer	1
TOP.670b04b3.00081572	user_options->rp_files_cnt	0
TOP.670b04b3.00081572	user_options->rp_gen	0
TOP.670b04b3.00081572	user_options->rp_gen_func_max	4
TOP.670b04b3.00081572	user_options->rp_gen_func_min	1
TOP.670b04b3.00081572	user_options->rp_gen_seed	0
TOP.670b04b3.00081572	user_options->runtime	0
TOP.670b04b3.00081572	user_options->scrypt_tmto	0
TOP.670b04b3.00081572	user_options->segment_size	33554432
TOP.670b04b3.00081572	user_options->self_test	1
TOP.670b04b3.00081572	user_options->slow_candidates	0
TOP.670b04b3.00081572	user_options->show	0
TOP.670b04b3.00081572	user_options->speed_only	0
TOP.670b04b3.00081572	user_options->spin_damp	0
TOP.670b04b3.00081572	user_options->status	0
TOP.670b04b3.00081572	user_options->status_json	0
TOP.670b04b3.00081572	user_options->status_timer	10
TOP.670b04b3.00081572	user_options->stdout_flag	0
TOP.670b04b3.00081572	user_options->usage	0
TOP.670b04b3.00081572	user_options->username	0
TOP.670b04b3.00081572	user_options->veracrypt_pim_start	485
TOP.670b04b3.00081572	user_options->veracrypt_pim_stop	485
TOP.670b04b3.00081572	user_options->version	0
TOP.670b04b3.00081572	user_options->workload_profile	2
TOP.670b04b3.00081572	user_options->brain_client	0
TOP.670b04b3.00081572	user_options->brain_client_features	2
TOP.670b04b3.00081572	user_options->brain_server	0
TOP.670b04b3.00081572	user_options->brain_server_timer	300
TOP.670b04b3.00081572	user_options->brain_port	6863
TOP.670b04b3.00081572	user_options->brain_session	0
TOP.670b04b3.00081572	proc_start	1728775347
TOP.670b04b3.00081572	proc_stop	1728775347
TOP.670b04b3.00081572	STOP
TOP.670b04fa.000d82c5	START
TOP.670b04fa.000d82c5	folder_config->cwd	/home/jjarmon/Hashcat-Trial
TOP.670b04fa.000d82c5	folder_config->install_dir	/home/jjarmon/Hashcat-Trial
TOP.670b04fa.000d82c5	folder_config->profile_dir	/home/jjarmon/Hashcat-Trial
TOP.670b04fa.000d82c5	folder_config->session_dir	/home/jjarmon/Hashcat-Trial
TOP.670b04fa.000d82c5	folder_config->shared_dir	/home/jjarmon/Hashcat-Trial
TOP.670b04fa.000d82c5	user_options->encoding_from	utf-8
TOP.670b04fa.000d82c5	user_options->encoding_to	utf-8
TOP.670b04fa.000d82c5	user_options->rule_buf_l	:
TOP.670b04fa.000d82c5	user_options->rule_buf_r	:
TOP.670b04fa.000d82c5	user_options->session	hashcat
TOP.670b04fa.000d82c5	user_options->separator	:
TOP.670b04fa.000d82c5	user_options->limit	0
TOP.670b04fa.000d82c5	user_options->skip	0
TOP.670b04fa.000d82c5	user_options->attack_mode	0
TOP.670b04fa.000d82c5	user_options->backend_devices_virtual	1
TOP.670b04fa.000d82c5	user_options->benchmark	0
TOP.670b04fa.000d82c5	user_options->benchmark_all	0
TOP.670b04fa.000d82c5	user_options->bitmap_max	18
TOP.670b04fa.000d82c5	user_options->bitmap_min	16
TOP.670b04fa.000d82c5	user_options->debug_mode	0
TOP.670b04fa.000d82c5	user_options->dynamic_x	0
TOP.670b04fa.000d82c5	user_options->hash_info	0
TOP.670b04fa.000d82c5	user_options->force	0
TOP.670b04fa.000d82c5	user_options->hwmon	1
TOP.670b04fa.000d82c5	user_options->hwmon_temp_abort	90
TOP.670b04fa.000d82c5	user_options->hash_mode	0
TOP.670b04fa.000d82c5	user_options->hex_charset	0
TOP.670b04fa.000d82c5	user_options->hex_salt	0
TOP.670b04fa.000d82c5	user_options->hex_wordlist	0
TOP.670b04fa.000d82c5	user_options->hook_threads	20
TOP.670b04fa.000d82c5	user_options->identify	0
TOP.670b04fa.000d82c5	user_options->increment	0
TOP.670b04fa.000d82c5	user_options->increment_max	256
TOP.670b04fa.000d82c5	user_options->increment_min	1
TOP.670b04fa.000d82c5	user_options->keep_guessing	0
TOP.670b04fa.000d82c5	user_options->kernel_accel	0
TOP.670b04fa.000d82c5	user_options->kernel_loops	0
TOP.670b04fa.000d82c5	user_options->kernel_threads	0
TOP.670b04fa.000d82c5	user_options->keyspace	0
TOP.670b04fa.000d82c5	user_options->left	0
TOP.670b04fa.000d82c5	user_options->logfile	1
TOP.670b04fa.000d82c5	user_options->loopback	0
TOP.670b04fa.000d82c5	user_options->machine_readable	0
TOP.670b04fa.000d82c5	user_options->markov_classic	0
TOP.670b04fa.000d82c5	user_options->markov	1
TOP.670b04fa.000d82c5	user_options->markov_inverse	0
TOP.670b04fa.000d82c5	user_options->markov_threshold	256
TOP.670b04fa.000d82c5	user_options->metal_compiler_runtime	120
TOP.670b04fa.000d82c5	user_options->multiply_accel	1
TOP.670b04fa.000d82c5	user_options->backend_info	0
TOP.670b04fa.000d82c5	user_options->backend_vector_width	0
TOP.670b04fa.000d82c5	user_options->optimized_kernel	0
TOP.670b04fa.000d82c5	user_options->outfile_autohex	1
TOP.670b04fa.000d82c5	user_options->outfile_check_timer	5
TOP.670b04fa.000d82c5	user_options->outfile_format	3
TOP.670b04fa.000d82c5	user_options->outfile_json	0
TOP.670b04fa.000d82c5	user_options->wordlist_autohex	1
TOP.670b04fa.000d82c5	user_options->potfile	1
TOP.670b04fa.000d82c5	user_options->progress_only	0
TOP.670b04fa.000d82c5	user_options->quiet	0
TOP.670b04fa.000d82c5	user_options->remove	0
TOP.670b04fa.000d82c5	user_options->remove_timer	60
TOP.670b04fa.000d82c5	user_options->restore	0
TOP.670b04fa.000d82c5	user_options->restore_enable	1
TOP.670b04fa.000d82c5	user_options->restore_timer	1
TOP.670b04fa.000d82c5	user_options->rp_files_cnt	0
TOP.670b04fa.000d82c5	user_options->rp_gen	0
TOP.670b04fa.000d82c5	user_options->rp_gen_func_max	4
TOP.670b04fa.000d82c5	user_options->rp_gen_func_min	1
TOP.670b04fa.000d82c5	user_options->rp_gen_seed	0
TOP.670b04fa.000d82c5	user_options->runtime	0
TOP.670b04fa.000d82c5	user_options->scrypt_tmto	0
TOP.670b04fa.000d82c5	user_options->segment_size	33554432
TOP.670b04fa.000d82c5	user_options->self_test	1
TOP.670b04fa.000d82c5	user_options->slow_candidates	0
TOP.670b04fa.000d82c5	user_options->show	0
TOP.670b04fa.000d82c5	user_options->speed_only	0
TOP.670b04fa.000d82c5	user_options->spin_damp	0
TOP.670b04fa.000d82c5	user_options->status	0
TOP.670b04fa.000d82c5	user_options->status_json	0
TOP.670b04fa.000d82c5	user_options->status_timer	10
TOP.670b04fa.000d82c5	user_options->stdout_flag	0
TOP.670b04fa.000d82c5	user_options->usage	0
TOP.670b04fa.000d82c5	user_options->username	0
TOP.670b04fa.000d82c5	user_options->veracrypt_pim_start	485
TOP.670b04fa.000d82c5	user_options->veracrypt_pim_stop	485
TOP.670b04fa.000d82c5	user_options->version	0
TOP.670b04fa.000d82c5	user_options->workload_profile	2
TOP.670b04fa.000d82c5	user_options->brain_client	0
TOP.670b04fa.000d82c5	user_options->brain_client_features	2
TOP.670b04fa.000d82c5	user_options->brain_server	0
TOP.670b04fa.000d82c5	user_options->brain_server_timer	300
TOP.670b04fa.000d82c5	user_options->brain_port	6863
TOP.670b04fa.000d82c5	user_options->brain_session	0
TOP.670b04fa.000d82c5	proc_start	1728775418
TOP.670b04fa.000d82c5	proc_stop	1728775418
TOP.670b04fa.000d82c5	STOP
TOP.670b063a.000727a8	START
TOP.670b063a.000727a8	folder_config->cwd	/home/jjarmon/Hashcat-Trial
TOP.670b063a.000727a8	folder_config->install_dir	/home/jjarmon/Hashcat-Trial
TOP.670b063a.000727a8	folder_config->profile_dir	/home/jjarmon/Hashcat-Trial
TOP.670b063a.000727a8	folder_config->session_dir	/home/jjarmon/Hashcat-Trial
TOP.670b063a.000727a8	folder_config->shared_dir	/home/jjarmon/Hashcat-Trial
TOP.670b063a.000727a8	user_options->encoding_from	utf-8
TOP.670b063a.000727a8	user_options->encoding_to	utf-8
TOP.670b063a.000727a8	user_options->rule_buf_l	:
TOP.670b063a.000727a8	user_options->rule_buf_r	:
TOP.670b063a.000727a8	user_options->session	hashcat
TOP.670b063a.000727a8	user_options->separator	:
TOP.670b063a.000727a8	user_options->limit	0
TOP.670b063a.000727a8	user_options->skip	0
TOP.670b063a.000727a8	user_options->attack_mode	0
TOP.670b063a.000727a8	user_options->backend_devices_virtual	1
TOP.670b063a.000727a8	user_options->benchmark	0
TOP.670b063a.000727a8	user_options->benchmark_all	0
TOP.670b063a.000727a8	user_options->bitmap_max	18
TOP.670b063a.000727a8	user_options->bitmap_min	16
TOP.670b063a.000727a8	user_options->debug_mode	0
TOP.670b063a.000727a8	user_options->dynamic_x	0
TOP.670b063a.000727a8	user_options->hash_info	0
TOP.670b063a.000727a8	user_options->force	0
TOP.670b063a.000727a8	user_options->hwmon	1
TOP.670b063a.000727a8	user_options->hwmon_temp_abort	90
TOP.670b063a.000727a8	user_options->hash_mode	0
TOP.670b063a.000727a8	user_options->hex_charset	0
TOP.670b063a.000727a8	user_options->hex_salt	0
TOP.670b063a.000727a8	user_options->hex_wordlist	0
TOP.670b063a.000727a8	user_options->hook_threads	20
TOP.670b063a.000727a8	user_options->identify	0
TOP.670b063a.000727a8	user_options->increment	0
TOP.670b063a.000727a8	user_options->increment_max	256
TOP.670b063a.000727a8	user_options->increment_min	1
TOP.670b063a.000727a8	user_options->keep_guessing	0
TOP.670b063a.000727a8	user_options->kernel_accel	0
TOP.670b063a.000727a8	user_options->kernel_loops	0
TOP.670b063a.000727a8	user_options->kernel_threads	0
TOP.670b063a.000727a8	user_options->keyspace	0
TOP.670b063a.000727a8	user_options->left	0
TOP.670b063a.000727a8	user_options->logfile	1
TOP.670b063a.000727a8	user_options->loopback	0
TOP.670b063a.000727a8	user_options->machine_readable	0
TOP.670b063a.000727a8	user_options->markov_classic	0
TOP.670b063a.000727a8	user_options->markov	1
TOP.670b063a.000727a8	user_options->markov_inverse	0
TOP.670b063a.000727a8	user_options->markov_threshold	256
TOP.670b063a.000727a8	user_options->metal_compiler_runtime	120
TOP.670b063a.000727a8	user_options->multiply_accel	1
TOP.670b063a.000727a8	user_options->backend_info	0
TOP.670b063a.000727a8	user_options->backend_vector_width	0
TOP.670b063a.000727a8	user_options->optimized_kernel	0
TOP.670b063a.000727a8	user_options->outfile_autohex	1
TOP.670b063a.000727a8	user_options->outfile_check_timer	5
TOP.670b063a.000727a8	user_options->outfile_format	3
TOP.670b063a.000727a8	user_options->outfile_json	0
TOP.670b063a.000727a8	user_options->wordlist_autohex	1
TOP.670b063a.000727a8	user_options->potfile	1
TOP.670b063a.000727a8	user_options->progress_only	0
TOP.670b063a.000727a8	user_options->quiet	0
TOP.670b063a.000727a8	user_options->remove	0
TOP.670b063a.000727a8	user_options->remove_timer	60
TOP.670b063a.000727a8	user_options->restore	0
TOP.670b063a.000727a8	user_options->restore_enable	1
TOP.670b063a.000727a8	user_options->restore_timer	1
TOP.670b063a.000727a8	user_options->rp_files_cnt	0
TOP.670b063a.000727a8	user_options->rp_gen	0
TOP.670b063a.000727a8	user_options->rp_gen_func_max	4
TOP.670b063a.000727a8	user_options->rp_gen_func_min	1
TOP.670b063a.000727a8	user_options->rp_gen_seed	0
TOP.670b063a.000727a8	user_options->runtime	0
TOP.670b063a.000727a8	user_options->scrypt_tmto	0
TOP.670b063a.000727a8	user_options->segment_size	33554432
TOP.670b063a.000727a8	user_options->self_test	1
TOP.670b063a.000727a8	user_options->slow_candidates	0
TOP.670b063a.000727a8	user_options->show	0
TOP.670b063a.000727a8	user_options->speed_only	0
TOP.670b063a.000727a8	user_options->spin_damp	0
TOP.670b063a.000727a8	user_options->status	0
TOP.670b063a.000727a8	user_options->status_json	0
TOP.670b063a.000727a8	user_options->status_timer	10
TOP.670b063a.000727a8	user_options->stdout_flag	0
TOP.670b063a.000727a8	user_options->usage	0
TOP.670b063a.000727a8	user_options->username	0
TOP.670b063a.000727a8	user_options->veracrypt_pim_start	485
TOP.670b063a.000727a8	user_options->veracrypt_pim_stop	485
TOP.670b063a.000727a8	user_options->version	0
TOP.670b063a.000727a8	user_options->workload_profile	2
TOP.670b063a.000727a8	user_options->brain_client	0
TOP.670b063a.000727a8	user_options->brain_client_features	2
TOP.670b063a.000727a8	user_options->brain_server	0
TOP.670b063a.000727a8	user_options->brain_server_timer	300
TOP.670b063a.000727a8	user_options->brain_port	6863
TOP.670b063a.000727a8	user_options->brain_session	0
TOP.670b063a.000727a8	proc_start	1728775738
TOP.670b063a.000727a8	proc_stop	1728775738
TOP.670b063a.000727a8	STOP
TOP.670b06ba.0003d3e4	START
TOP.670b06ba.0003d3e4	folder_config->cwd	/home/jjarmon/Hashcat-Trial
TOP.670b06ba.0003d3e4	folder_config->install_dir	/home/jjarmon/Hashcat-Trial
TOP.670b06ba.0003d3e4	folder_config->profile_dir	/home/jjarmon/Hashcat-Trial
TOP.670b06ba.0003d3e4	folder_config->session_dir	/home/jjarmon/Hashcat-Trial
TOP.670b06ba.0003d3e4	folder_config->shared_dir	/home/jjarmon/Hashcat-Trial
TOP.670b06ba.0003d3e4	user_options->encoding_from	utf-8
TOP.670b06ba.0003d3e4	user_options->encoding_to	utf-8
TOP.670b06ba.0003d3e4	user_options->rule_buf_l	:
TOP.670b06ba.0003d3e4	user_options->rule_buf_r	:
TOP.670b06ba.0003d3e4	user_options->session	hashcat
TOP.670b06ba.0003d3e4	user_options->separator	:
TOP.670b06ba.0003d3e4	user_options->limit	0
TOP.670b06ba.0003d3e4	user_options->skip	0
TOP.670b06ba.0003d3e4	user_options->attack_mode	0
TOP.670b06ba.0003d3e4	user_options->backend_devices_virtual	1
TOP.670b06ba.0003d3e4	user_options->benchmark	0
TOP.670b06ba.0003d3e4	user_options->benchmark_all	0
TOP.670b06ba.0003d3e4	user_options->bitmap_max	18
TOP.670b06ba.0003d3e4	user_options->bitmap_min	16
TOP.670b06ba.0003d3e4	user_options->debug_mode	0
TOP.670b06ba.0003d3e4	user_options->dynamic_x	0
TOP.670b06ba.0003d3e4	user_options->hash_info	0
TOP.670b06ba.0003d3e4	user_options->force	0
TOP.670b06ba.0003d3e4	user_options->hwmon	1
TOP.670b06ba.0003d3e4	user_options->hwmon_temp_abort	90
TOP.670b06ba.0003d3e4	user_options->hash_mode	0
TOP.670b06ba.0003d3e4	user_options->hex_charset	0
TOP.670b06ba.0003d3e4	user_options->hex_salt	0
TOP.670b06ba.0003d3e4	user_options->hex_wordlist	0
TOP.670b06ba.0003d3e4	user_options->hook_threads	20
TOP.670b06ba.0003d3e4	user_options->identify	0
TOP.670b06ba.0003d3e4	user_options->increment	0
TOP.670b06ba.0003d3e4	user_options->increment_max	256
TOP.670b06ba.0003d3e4	user_options->increment_min	1
TOP.670b06ba.0003d3e4	user_options->keep_guessing	0
TOP.670b06ba.0003d3e4	user_options->kernel_accel	0
TOP.670b06ba.0003d3e4	user_options->kernel_loops	0
TOP.670b06ba.0003d3e4	user_options->kernel_threads	0
TOP.670b06ba.0003d3e4	user_options->keyspace	0
TOP.670b06ba.0003d3e4	user_options->left	0
TOP.670b06ba.0003d3e4	user_options->logfile	1
TOP.670b06ba.0003d3e4	user_options->loopback	0
TOP.670b06ba.0003d3e4	user_options->machine_readable	0
TOP.670b06ba.0003d3e4	user_options->markov_classic	0
TOP.670b06ba.0003d3e4	user_options->markov	1
TOP.670b06ba.0003d3e4	user_options->markov_inverse	0
TOP.670b06ba.0003d3e4	user_options->markov_threshold	256
TOP.670b06ba.0003d3e4	user_options->metal_compiler_runtime	120
TOP.670b06ba.0003d3e4	user_options->multiply_accel	1
TOP.670b06ba.0003d3e4	user_options->backend_info	0
TOP.670b06ba.0003d3e4	user_options->backend_vector_width	0
TOP.670b06ba.0003d3e4	user_options->optimized_kernel	0
TOP.670b06ba.0003d3e4	user_options->outfile_autohex	1
TOP.670b06ba.0003d3e4	user_options->outfile_check_timer	5
TOP.670b06ba.0003d3e4	user_options->outfile_format	3
TOP.670b06ba.0003d3e4	user_options->outfile_json	0
TOP.670b06ba.0003d3e4	user_options->wordlist_autohex	1
TOP.670b06ba.0003d3e4	user_options->potfile	1
TOP.670b06ba.0003d3e4	user_options->progress_only	0
TOP.670b06ba.0003d3e4	user_options->quiet	0
TOP.670b06ba.0003d3e4	user_options->remove	0
TOP.670b06ba.0003d3e4	user_options->remove_timer	60
TOP.670b06ba.0003d3e4	user_options->restore	0
TOP.670b06ba.0003d3e4	user_options->restore_enable	1
TOP.670b06ba.0003d3e4	user_options->restore_timer	1
TOP.670b06ba.0003d3e4	user_options->rp_files_cnt	0
TOP.670b06ba.0003d3e4	user_options->rp_gen	0
TOP.670b06ba.0003d3e4	user_options->rp_gen_func_max	4
TOP.670b06ba.0003d3e4	user_options->rp_gen_func_min	1
TOP.670b06ba.0003d3e4	user_options->rp_gen_seed	0
TOP.670b06ba.0003d3e4	user_options->runtime	0
TOP.670b06ba.0003d3e4	user_options->scrypt_tmto	0
TOP.670b06ba.0003d3e4	user_options->segment_size	33554432
TOP.670b06ba.0003d3e4	user_options->self_test	1
TOP.670b06ba.0003d3e4	user_options->slow_candidates	0
TOP.670b06ba.0003d3e4	user_options->show	0
TOP.670b06ba.0003d3e4	user_options->speed_only	0
TOP.670b06ba.0003d3e4	user_options->spin_damp	0
TOP.670b06ba.0003d3e4	user_options->status	0
TOP.670b06ba.0003d3e4	user_options->status_json	0
TOP.670b06ba.0003d3e4	user_options->status_timer	10
TOP.670b06ba.0003d3e4	user_options->stdout_flag	0
TOP.670b06ba.0003d3e4	user_options->usage	0
TOP.670b06ba.0003d3e4	user_options->username	0
TOP.670b06ba.0003d3e4	user_options->veracrypt_pim_start	485
TOP.670b06ba.0003d3e4	user_options->veracrypt_pim_stop	485
TOP.670b06ba.0003d3e4	user_options->version	0
TOP.670b06ba.0003d3e4	user_options->workload_profile	2
TOP.670b06ba.0003d3e4	user_options->brain_client	0
TOP.670b06ba.0003d3e4	user_options->brain_client_features	2
TOP.670b06ba.0003d3e4	user_options->brain_server	0
TOP.670b06ba.0003d3e4	user_options->brain_server_timer	300
TOP.670b06ba.0003d3e4	user_options->brain_port	6863
TOP.670b06ba.0003d3e4	user_options->brain_session	0
TOP.670b06ba.0003d3e4	hashes->hashfile	hashes.txt
TOP.670b06ba.0003d3e4	hashes->hashlist_mode	5
TOP.670b06ba.0003d3e4	hashes->hashlist_format	0
TOP.670b06ba.0003d3e4	hashes->hashes_cnt	0
TOP.670b06ba.0003d3e4	hashes->digests_cnt	1
TOP.670b06ba.0003d3e4	hashes->digests_done_pot	0
TOP.670b06ba.0003d3e4	hashes->digests_done_zero	0
TOP.670b06ba.0003d3e4	hashes->digests_done	0
TOP.670b06ba.0003d3e4	hashes->salts_cnt	1
TOP.670b06ba.0003d3e4	hashes->salts_done	0
TOP.670b06ba.0003d3e4	SUB.670b06c1.0001f833	START
TOP.670b06ba.0003d3e4	SUB.670b06c1.0001f833	straight_ctx->dict	merged_wordlist.txt
TOP.670b06ba.0003d3e4	SUB.670b06c1.0001f833	runtime_start	1728775874
TOP.670b06ba.0003d3e4	SUB.670b06c1.0001f833	runtime_stop	1728775876
TOP.670b06ba.0003d3e4	SUB.670b06c1.0001f833	hashes->digests_done_new	0
TOP.670b06ba.0003d3e4	SUB.670b06c1.0001f833	status-after-work	5
TOP.670b06ba.0003d3e4	SUB.670b06c1.0001f833	STOP
TOP.670b06ba.0003d3e4	proc_start	1728775866
TOP.670b06ba.0003d3e4	proc_stop	1728775877
TOP.670b06ba.0003d3e4	STOP
TOP.670b06d2.000bcc72	START
TOP.670b06d2.000bcc72	folder_config->cwd	/home/jjarmon/Hashcat-Trial
TOP.670b06d2.000bcc72	folder_config->install_dir	/home/jjarmon/Hashcat-Trial
TOP.670b06d2.000bcc72	folder_config->profile_dir	/home/jjarmon/Hashcat-Trial
TOP.670b06d2.000bcc72	folder_config->session_dir	/home/jjarmon/Hashcat-Trial
TOP.670b06d2.000bcc72	folder_config->shared_dir	/home/jjarmon/Hashcat-Trial
TOP.670b06d2.000bcc72	user_options->encoding_from	utf-8
TOP.670b06d2.000bcc72	user_options->encoding_to	utf-8
TOP.670b06d2.000bcc72	user_options->rule_buf_l	:
TOP.670b06d2.000bcc72	user_options->rule_buf_r	:
TOP.670b06d2.000bcc72	user_options->session	hashcat
TOP.670b06d2.000bcc72	user_options->separator	:
TOP.670b06d2.000bcc72	user_options->limit	0
TOP.670b06d2.000bcc72	user_options->skip	0
TOP.670b06d2.000bcc72	user_options->attack_mode	0
TOP.670b06d2.000bcc72	user_options->backend_devices_virtual	1
TOP.670b06d2.000bcc72	user_options->benchmark	0
TOP.670b06d2.000bcc72	user_options->benchmark_all	0
TOP.670b06d2.000bcc72	user_options->bitmap_max	18
TOP.670b06d2.000bcc72	user_options->bitmap_min	16
TOP.670b06d2.000bcc72	user_options->debug_mode	0
TOP.670b06d2.000bcc72	user_options->dynamic_x	0
TOP.670b06d2.000bcc72	user_options->hash_info	0
TOP.670b06d2.000bcc72	user_options->force	0
TOP.670b06d2.000bcc72	user_options->hwmon	1
TOP.670b06d2.000bcc72	user_options->hwmon_temp_abort	90
TOP.670b06d2.000bcc72	user_options->hash_mode	0
TOP.670b06d2.000bcc72	user_options->hex_charset	0
TOP.670b06d2.000bcc72	user_options->hex_salt	0
TOP.670b06d2.000bcc72	user_options->hex_wordlist	0
TOP.670b06d2.000bcc72	user_options->hook_threads	20
TOP.670b06d2.000bcc72	user_options->identify	0
TOP.670b06d2.000bcc72	user_options->increment	0
TOP.670b06d2.000bcc72	user_options->increment_max	256
TOP.670b06d2.000bcc72	user_options->increment_min	1
TOP.670b06d2.000bcc72	user_options->keep_guessing	0
TOP.670b06d2.000bcc72	user_options->kernel_accel	0
TOP.670b06d2.000bcc72	user_options->kernel_loops	0
TOP.670b06d2.000bcc72	user_options->kernel_threads	0
TOP.670b06d2.000bcc72	user_options->keyspace	0
TOP.670b06d2.000bcc72	user_options->left	0
TOP.670b06d2.000bcc72	user_options->logfile	1
TOP.670b06d2.000bcc72	user_options->loopback	0
TOP.670b06d2.000bcc72	user_options->machine_readable	0
TOP.670b06d2.000bcc72	user_options->markov_classic	0
TOP.670b06d2.000bcc72	user_options->markov	1
TOP.670b06d2.000bcc72	user_options->markov_inverse	0
TOP.670b06d2.000bcc72	user_options->markov_threshold	256
TOP.670b06d2.000bcc72	user_options->metal_compiler_runtime	120
TOP.670b06d2.000bcc72	user_options->multiply_accel	1
TOP.670b06d2.000bcc72	user_options->backend_info	0
TOP.670b06d2.000bcc72	user_options->backend_vector_width	0
TOP.670b06d2.000bcc72	user_options->optimized_kernel	0
TOP.670b06d2.000bcc72	user_options->outfile_autohex	1
TOP.670b06d2.000bcc72	user_options->outfile_check_timer	5
TOP.670b06d2.000bcc72	user_options->outfile_format	3
TOP.670b06d2.000bcc72	user_options->outfile_json	0
TOP.670b06d2.000bcc72	user_options->wordlist_autohex	1
TOP.670b06d2.000bcc72	user_options->potfile	1
TOP.670b06d2.000bcc72	user_options->progress_only	0
TOP.670b06d2.000bcc72	user_options->quiet	0
TOP.670b06d2.000bcc72	user_options->remove	0
TOP.670b06d2.000bcc72	user_options->remove_timer	60
TOP.670b06d2.000bcc72	user_options->restore	0
TOP.670b06d2.000bcc72	user_options->restore_enable	1
TOP.670b06d2.000bcc72	user_options->restore_timer	1
TOP.670b06d2.000bcc72	user_options->rp_files_cnt	0
TOP.670b06d2.000bcc72	user_options->rp_gen	0
TOP.670b06d2.000bcc72	user_options->rp_gen_func_max	4
TOP.670b06d2.000bcc72	user_options->rp_gen_func_min	1
TOP.670b06d2.000bcc72	user_options->rp_gen_seed	0
TOP.670b06d2.000bcc72	user_options->runtime	0
TOP.670b06d2.000bcc72	user_options->scrypt_tmto	0
TOP.670b06d2.000bcc72	user_options->segment_size	33554432
TOP.670b06d2.000bcc72	user_options->self_test	1
TOP.670b06d2.000bcc72	user_options->slow_candidates	0
TOP.670b06d2.000bcc72	user_options->show	0
TOP.670b06d2.000bcc72	user_options->speed_only	0
TOP.670b06d2.000bcc72	user_options->spin_damp	0
TOP.670b06d2.000bcc72	user_options->status	0
TOP.670b06d2.000bcc72	user_options->status_json	0
TOP.670b06d2.000bcc72	user_options->status_timer	10
TOP.670b06d2.000bcc72	user_options->stdout_flag	0
TOP.670b06d2.000bcc72	user_options->usage	0
TOP.670b06d2.000bcc72	user_options->username	0
TOP.670b06d2.000bcc72	user_options->veracrypt_pim_start	485
TOP.670b06d2.000bcc72	user_options->veracrypt_pim_stop	485
TOP.670b06d2.000bcc72	user_options->version	0
TOP.670b06d2.000bcc72	user_options->workload_profile	2
TOP.670b06d2.000bcc72	user_options->brain_client	0
TOP.670b06d2.000bcc72	user_options->brain_client_features	2
TOP.670b06d2.000bcc72	user_options->brain_server	0
TOP.670b06d2.000bcc72	user_options->brain_server_timer	300
TOP.670b06d2.000bcc72	user_options->brain_port	6863
TOP.670b06d2.000bcc72	user_options->brain_session	0
TOP.670b06d2.000bcc72	hashes->hashfile	hashes.txt
TOP.670b06d2.000bcc72	hashes->hashlist_mode	5
TOP.670b06d2.000bcc72	hashes->hashlist_format	0
TOP.670b06d2.000bcc72	hashes->hashes_cnt	0
TOP.670b06d2.000bcc72	hashes->digests_cnt	1
TOP.670b06d2.000bcc72	hashes->digests_done_pot	0
TOP.670b06d2.000bcc72	hashes->digests_done_zero	0
TOP.670b06d2.000bcc72	hashes->digests_done	0
TOP.670b06d2.000bcc72	hashes->salts_cnt	1
TOP.670b06d2.000bcc72	hashes->salts_done	0
TOP.670b06d2.000bcc72	SUB.670b06d3.0001c376	START
TOP.670b06d2.000bcc72	SUB.670b06d3.0001c376	straight_ctx->dict	merged_wordlist.txt
TOP.670b06d2.000bcc72	SUB.670b06d3.0001c376	runtime_start	1728775891
TOP.670b06d2.000bcc72	SUB.670b06d3.0001c376	runtime_stop	1728775893
TOP.670b06d2.000bcc72	SUB.670b06d3.0001c376	hashes->digests_done_new	0
TOP.670b06d2.000bcc72	SUB.670b06d3.0001c376	status-after-work	5
TOP.670b06d2.000bcc72	SUB.670b06d3.0001c376	STOP
TOP.670b06d2.000bcc72	proc_start	1728775890
TOP.670b06d2.000bcc72	proc_stop	1728775895
TOP.670b06d2.000bcc72	STOP
TOP.670b09e4.00035564	START
TOP.670b09e4.00035564	folder_config->cwd	/home/jjarmon/Hashcat-Trial
TOP.670b09e4.00035564	folder_config->install_dir	/home/jjarmon/Hashcat-Trial
TOP.670b09e4.00035564	folder_config->profile_dir	/home/jjarmon/Hashcat-Trial
TOP.670b09e4.00035564	folder_config->session_dir	/home/jjarmon/Hashcat-Trial
TOP.670b09e4.00035564	folder_config->shared_dir	/home/jjarmon/Hashcat-Trial
TOP.670b09e4.00035564	user_options->encoding_from	utf-8
TOP.670b09e4.00035564	user_options->encoding_to	utf-8
TOP.670b09e4.00035564	user_options->rule_buf_l	:
TOP.670b09e4.00035564	user_options->rule_buf_r	:
TOP.670b09e4.00035564	user_options->session	hashcat
TOP.670b09e4.00035564	user_options->separator	:
TOP.670b09e4.00035564	user_options->limit	0
TOP.670b09e4.00035564	user_options->skip	0
TOP.670b09e4.00035564	user_options->attack_mode	0
TOP.670b09e4.00035564	user_options->backend_devices_virtual	1
TOP.670b09e4.00035564	user_options->benchmark	0
TOP.670b09e4.00035564	user_options->benchmark_all	0
TOP.670b09e4.00035564	user_options->bitmap_max	18
TOP.670b09e4.00035564	user_options->bitmap_min	16
TOP.670b09e4.00035564	user_options->debug_mode	0
TOP.670b09e4.00035564	user_options->dynamic_x	0
TOP.670b09e4.00035564	user_options->hash_info	0
TOP.670b09e4.00035564	user_options->force	0
TOP.670b09e4.00035564	user_options->hwmon	1
TOP.670b09e4.00035564	user_options->hwmon_temp_abort	90
TOP.670b09e4.00035564	user_options->hash_mode	0
TOP.670b09e4.00035564	user_options->hex_charset	0
TOP.670b09e4.00035564	user_options->hex_salt	0
TOP.670b09e4.00035564	user_options->hex_wordlist	0
TOP.670b09e4.00035564	user_options->hook_threads	20
TOP.670b09e4.00035564	user_options->identify	0
TOP.670b09e4.00035564	user_options->increment	0
TOP.670b09e4.00035564	user_options->increment_max	256
TOP.670b09e4.00035564	user_options->increment_min	1
TOP.670b09e4.00035564	user_options->keep_guessing	0
TOP.670b09e4.00035564	user_options->kernel_accel	0
TOP.670b09e4.00035564	user_options->kernel_loops	0
TOP.670b09e4.00035564	user_options->kernel_threads	0
TOP.670b09e4.00035564	user_options->keyspace	0
TOP.670b09e4.00035564	user_options->left	0
TOP.670b09e4.00035564	user_options->logfile	1
TOP.670b09e4.00035564	user_options->loopback	0
TOP.670b09e4.00035564	user_options->machine_readable	0
TOP.670b09e4.00035564	user_options->markov_classic	0
TOP.670b09e4.00035564	user_options->markov	1
TOP.670b09e4.00035564	user_options->markov_inverse	0
TOP.670b09e4.00035564	user_options->markov_threshold	256
TOP.670b09e4.00035564	user_options->metal_compiler_runtime	120
TOP.670b09e4.00035564	user_options->multiply_accel	1
TOP.670b09e4.00035564	user_options->backend_info	0
TOP.670b09e4.00035564	user_options->backend_vector_width	0
TOP.670b09e4.00035564	user_options->optimized_kernel	0
TOP.670b09e4.00035564	user_options->outfile_autohex	1
TOP.670b09e4.00035564	user_options->outfile_check_timer	5
TOP.670b09e4.00035564	user_options->outfile_format	3
TOP.670b09e4.00035564	user_options->outfile_json	0
TOP.670b09e4.00035564	user_options->wordlist_autohex	1
TOP.670b09e4.00035564	user_options->potfile	1
TOP.670b09e4.00035564	user_options->progress_only	0
TOP.670b09e4.00035564	user_options->quiet	0
TOP.670b09e4.00035564	user_options->remove	0
TOP.670b09e4.00035564	user_options->remove_timer	60
TOP.670b09e4.00035564	user_options->restore	0
TOP.670b09e4.00035564	user_options->restore_enable	1
TOP.670b09e4.00035564	user_options->restore_timer	1
TOP.670b09e4.00035564	user_options->rp_files_cnt	0
TOP.670b09e4.00035564	user_options->rp_gen	0
TOP.670b09e4.00035564	user_options->rp_gen_func_max	4
TOP.670b09e4.00035564	user_options->rp_gen_func_min	1
TOP.670b09e4.00035564	user_options->rp_gen_seed	0
TOP.670b09e4.00035564	user_options->runtime	0
TOP.670b09e4.00035564	user_options->scrypt_tmto	0
TOP.670b09e4.00035564	user_options->segment_size	33554432
TOP.670b09e4.00035564	user_options->self_test	1
TOP.670b09e4.00035564	user_options->slow_candidates	0
TOP.670b09e4.00035564	user_options->show	0
TOP.670b09e4.00035564	user_options->speed_only	0
TOP.670b09e4.00035564	user_options->spin_damp	0
TOP.670b09e4.00035564	user_options->status	1
TOP.670b09e4.00035564	user_options->status_json	0
TOP.670b09e4.00035564	user_options->status_timer	10
TOP.670b09e4.00035564	user_options->stdout_flag	0
TOP.670b09e4.00035564	user_options->usage	0
TOP.670b09e4.00035564	user_options->username	0
TOP.670b09e4.00035564	user_options->veracrypt_pim_start	485
TOP.670b09e4.00035564	user_options->veracrypt_pim_stop	485
TOP.670b09e4.00035564	user_options->version	0
TOP.670b09e4.00035564	user_options->workload_profile	3
TOP.670b09e4.00035564	user_options->brain_client	0
TOP.670b09e4.00035564	user_options->brain_client_features	2
TOP.670b09e4.00035564	user_options->brain_server	0
TOP.670b09e4.00035564	user_options->brain_server_timer	300
TOP.670b09e4.00035564	user_options->brain_port	6863
TOP.670b09e4.00035564	user_options->brain_session	0
TOP.670b09e4.00035564	proc_start	1728776676
TOP.670b09e4.00035564	proc_stop	1728776676
TOP.670b09e4.00035564	STOP
TOP.670b09e4.00041277	START
TOP.670b09e4.00041277	folder_config->cwd	/home/jjarmon/Hashcat-Trial
TOP.670b09e4.00041277	folder_config->install_dir	/home/jjarmon/Hashcat-Trial
TOP.670b09e4.00041277	folder_config->profile_dir	/home/jjarmon/Hashcat-Trial
TOP.670b09e4.00041277	folder_config->session_dir	/home/jjarmon/Hashcat-Trial
TOP.670b09e4.00041277	folder_config->shared_dir	/home/jjarmon/Hashcat-Trial
TOP.670b09e4.00041277	user_options->encoding_from	utf-8
TOP.670b09e4.00041277	user_options->encoding_to	utf-8
TOP.670b09e4.00041277	user_options->rule_buf_l	:
TOP.670b09e4.00041277	user_options->rule_buf_r	:
TOP.670b09e4.00041277	user_options->session	hashcat
TOP.670b09e4.00041277	user_options->separator	:
TOP.670b09e4.00041277	user_options->limit	0
TOP.670b09e4.00041277	user_options->skip	0
TOP.670b09e4.00041277	user_options->attack_mode	0
TOP.670b09e4.00041277	user_options->backend_devices_virtual	1
TOP.670b09e4.00041277	user_options->benchmark	0
TOP.670b09e4.00041277	user_options->benchmark_all	0
TOP.670b09e4.00041277	user_options->bitmap_max	18
TOP.670b09e4.00041277	user_options->bitmap_min	16
TOP.670b09e4.00041277	user_options->debug_mode	0
TOP.670b09e4.00041277	user_options->dynamic_x	0
TOP.670b09e4.00041277	user_options->hash_info	0
TOP.670b09e4.00041277	user_options->force	0
TOP.670b09e4.00041277	user_options->hwmon	1
TOP.670b09e4.00041277	user_options->hwmon_temp_abort	90
TOP.670b09e4.00041277	user_options->hash_mode	100
TOP.670b09e4.00041277	user_options->hex_charset	0
TOP.670b09e4.00041277	user_options->hex_salt	0
TOP.670b09e4.00041277	user_options->hex_wordlist	0
TOP.670b09e4.00041277	user_options->hook_threads	20
TOP.670b09e4.00041277	user_options->identify	0
TOP.670b09e4.00041277	user_options->increment	0
TOP.670b09e4.00041277	user_options->increment_max	256
TOP.670b09e4.00041277	user_options->increment_min	1
TOP.670b09e4.00041277	user_options->keep_guessing	0
TOP.670b09e4.00041277	user_options->kernel_accel	0
TOP.670b09e4.00041277	user_options->kernel_loops	0
TOP.670b09e4.00041277	user_options->kernel_threads	0
TOP.670b09e4.00041277	user_options->keyspace	0
TOP.670b09e4.00041277	user_options->left	0
TOP.670b09e4.00041277	user_options->logfile	1
TOP.670b09e4.00041277	user_options->loopback	0
TOP.670b09e4.00041277	user_options->machine_readable	0
TOP.670b09e4.00041277	user_options->markov_classic	0
TOP.670b09e4.00041277	user_options->markov	1
TOP.670b09e4.00041277	user_options->markov_inverse	0
TOP.670b09e4.00041277	user_options->markov_threshold	256
TOP.670b09e4.00041277	user_options->metal_compiler_runtime	120
TOP.670b09e4.00041277	user_options->multiply_accel	1
TOP.670b09e4.00041277	user_options->backend_info	0
TOP.670b09e4.00041277	user_options->backend_vector_width	0
TOP.670b09e4.00041277	user_options->optimized_kernel	0
TOP.670b09e4.00041277	user_options->outfile_autohex	1
TOP.670b09e4.00041277	user_options->outfile_check_timer	5
TOP.670b09e4.00041277	user_options->outfile_format	3
TOP.670b09e4.00041277	user_options->outfile_json	0
TOP.670b09e4.00041277	user_options->wordlist_autohex	1
TOP.670b09e4.00041277	user_options->potfile	1
TOP.670b09e4.00041277	user_options->progress_only	0
TOP.670b09e4.00041277	user_options->quiet	0
TOP.670b09e4.00041277	user_options->remove	0
TOP.670b09e4.00041277	user_options->remove_timer	60
TOP.670b09e4.00041277	user_options->restore	0
TOP.670b09e4.00041277	user_options->restore_enable	1
TOP.670b09e4.00041277	user_options->restore_timer	1
TOP.670b09e4.00041277	user_options->rp_files_cnt	0
TOP.670b09e4.00041277	user_options->rp_gen	0
TOP.670b09e4.00041277	user_options->rp_gen_func_max	4
TOP.670b09e4.00041277	user_options->rp_gen_func_min	1
TOP.670b09e4.00041277	user_options->rp_gen_seed	0
TOP.670b09e4.00041277	user_options->runtime	0
TOP.670b09e4.00041277	user_options->scrypt_tmto	0
TOP.670b09e4.00041277	user_options->segment_size	33554432
TOP.670b09e4.00041277	user_options->self_test	1
TOP.670b09e4.00041277	user_options->slow_candidates	0
TOP.670b09e4.00041277	user_options->show	0
TOP.670b09e4.00041277	user_options->speed_only	0
TOP.670b09e4.00041277	user_options->spin_damp	0
TOP.670b09e4.00041277	user_options->status	1
TOP.670b09e4.00041277	user_options->status_json	0
TOP.670b09e4.00041277	user_options->status_timer	10
TOP.670b09e4.00041277	user_options->stdout_flag	0
TOP.670b09e4.00041277	user_options->usage	0
TOP.670b09e4.00041277	user_options->username	0
TOP.670b09e4.00041277	user_options->veracrypt_pim_start	485
TOP.670b09e4.00041277	user_options->veracrypt_pim_stop	485
TOP.670b09e4.00041277	user_options->version	0
TOP.670b09e4.00041277	user_options->workload_profile	3
TOP.670b09e4.00041277	user_options->brain_client	0
TOP.670b09e4.00041277	user_options->brain_client_features	2
TOP.670b09e4.00041277	user_options->brain_server	0
TOP.670b09e4.00041277	user_options->brain_server_timer	300
TOP.670b09e4.00041277	user_options->brain_port	6863
TOP.670b09e4.00041277	user_options->brain_session	0
TOP.670b09e4.00041277	proc_start	1728776676
TOP.670b09e4.00041277	proc_stop	1728776676
TOP.670b09e4.00041277	STOP
TOP.670b09e4.0004c5a4	START
TOP.670b09e4.0004c5a4	folder_config->cwd	/home/jjarmon/Hashcat-Trial
TOP.670b09e4.0004c5a4	folder_config->install_dir	/home/jjarmon/Hashcat-Trial
TOP.670b09e4.0004c5a4	folder_config->profile_dir	/home/jjarmon/Hashcat-Trial
TOP.670b09e4.0004c5a4	folder_config->session_dir	/home/jjarmon/Hashcat-Trial
TOP.670b09e4.0004c5a4	folder_config->shared_dir	/home/jjarmon/Hashcat-Trial
TOP.670b09e4.0004c5a4	user_options->encoding_from	utf-8
TOP.670b09e4.0004c5a4	user_options->encoding_to	utf-8
TOP.670b09e4.0004c5a4	user_options->rule_buf_l	:
TOP.670b09e4.0004c5a4	user_options->rule_buf_r	:
TOP.670b09e4.0004c5a4	user_options->session	hashcat
TOP.670b09e4.0004c5a4	user_options->separator	:
TOP.670b09e4.0004c5a4	user_options->limit	0
TOP.670b09e4.0004c5a4	user_options->skip	0
TOP.670b09e4.0004c5a4	user_options->attack_mode	0
TOP.670b09e4.0004c5a4	user_options->backend_devices_virtual	1
TOP.670b09e4.0004c5a4	user_options->benchmark	0
TOP.670b09e4.0004c5a4	user_options->benchmark_all	0
TOP.670b09e4.0004c5a4	user_options->bitmap_max	18
TOP.670b09e4.0004c5a4	user_options->bitmap_min	16
TOP.670b09e4.0004c5a4	user_options->debug_mode	0
TOP.670b09e4.0004c5a4	user_options->dynamic_x	0
TOP.670b09e4.0004c5a4	user_options->hash_info	0
TOP.670b09e4.0004c5a4	user_options->force	0
TOP.670b09e4.0004c5a4	user_options->hwmon	1
TOP.670b09e4.0004c5a4	user_options->hwmon_temp_abort	90
TOP.670b09e4.0004c5a4	user_options->hash_mode	1400
TOP.670b09e4.0004c5a4	user_options->hex_charset	0
TOP.670b09e4.0004c5a4	user_options->hex_salt	0
TOP.670b09e4.0004c5a4	user_options->hex_wordlist	0
TOP.670b09e4.0004c5a4	user_options->hook_threads	20
TOP.670b09e4.0004c5a4	user_options->identify	0
TOP.670b09e4.0004c5a4	user_options->increment	0
TOP.670b09e4.0004c5a4	user_options->increment_max	256
TOP.670b09e4.0004c5a4	user_options->increment_min	1
TOP.670b09e4.0004c5a4	user_options->keep_guessing	0
TOP.670b09e4.0004c5a4	user_options->kernel_accel	0
TOP.670b09e4.0004c5a4	user_options->kernel_loops	0
TOP.670b09e4.0004c5a4	user_options->kernel_threads	0
TOP.670b09e4.0004c5a4	user_options->keyspace	0
TOP.670b09e4.0004c5a4	user_options->left	0
TOP.670b09e4.0004c5a4	user_options->logfile	1
TOP.670b09e4.0004c5a4	user_options->loopback	0
TOP.670b09e4.0004c5a4	user_options->machine_readable	0
TOP.670b09e4.0004c5a4	user_options->markov_classic	0
TOP.670b09e4.0004c5a4	user_options->markov	1
TOP.670b09e4.0004c5a4	user_options->markov_inverse	0
TOP.670b09e4.0004c5a4	user_options->markov_threshold	256
TOP.670b09e4.0004c5a4	user_options->metal_compiler_runtime	120
TOP.670b09e4.0004c5a4	user_options->multiply_accel	1
TOP.670b09e4.0004c5a4	user_options->backend_info	0
TOP.670b09e4.0004c5a4	user_options->backend_vector_width	0
TOP.670b09e4.0004c5a4	user_options->optimized_kernel	0
TOP.670b09e4.0004c5a4	user_options->outfile_autohex	1
TOP.670b09e4.0004c5a4	user_options->outfile_check_timer	5
TOP.670b09e4.0004c5a4	user_options->outfile_format	3
TOP.670b09e4.0004c5a4	user_options->outfile_json	0
TOP.670b09e4.0004c5a4	user_options->wordlist_autohex	1
TOP.670b09e4.0004c5a4	user_options->potfile	1
TOP.670b09e4.0004c5a4	user_options->progress_only	0
TOP.670b09e4.0004c5a4	user_options->quiet	0
TOP.670b09e4.0004c5a4	user_options->remove	0
TOP.670b09e4.0004c5a4	user_options->remove_timer	60
TOP.670b09e4.0004c5a4	user_options->restore	0
TOP.670b09e4.0004c5a4	user_options->restore_enable	1
TOP.670b09e4.0004c5a4	user_options->restore_timer	1
TOP.670b09e4.0004c5a4	user_options->rp_files_cnt	0
TOP.670b09e4.0004c5a4	user_options->rp_gen	0
TOP.670b09e4.0004c5a4	user_options->rp_gen_func_max	4
TOP.670b09e4.0004c5a4	user_options->rp_gen_func_min	1
TOP.670b09e4.0004c5a4	user_options->rp_gen_seed	0
TOP.670b09e4.0004c5a4	user_options->runtime	0
TOP.670b09e4.0004c5a4	user_options->scrypt_tmto	0
TOP.670b09e4.0004c5a4	user_options->segment_size	33554432
TOP.670b09e4.0004c5a4	user_options->self_test	1
TOP.670b09e4.0004c5a4	user_options->slow_candidates	0
TOP.670b09e4.0004c5a4	user_options->show	0
TOP.670b09e4.0004c5a4	user_options->speed_only	0
TOP.670b09e4.0004c5a4	user_options->spin_damp	0
TOP.670b09e4.0004c5a4	user_options->status	1
TOP.670b09e4.0004c5a4	user_options->status_json	0
TOP.670b09e4.0004c5a4	user_options->status_timer	10
TOP.670b09e4.0004c5a4	user_options->stdout_flag	0
TOP.670b09e4.0004c5a4	user_options->usage	0
TOP.670b09e4.0004c5a4	user_options->username	0
TOP.670b09e4.0004c5a4	user_options->veracrypt_pim_start	485
TOP.670b09e4.0004c5a4	user_options->veracrypt_pim_stop	485
TOP.670b09e4.0004c5a4	user_options->version	0
TOP.670b09e4.0004c5a4	user_options->workload_profile	3
TOP.670b09e4.0004c5a4	user_options->brain_client	0
TOP.670b09e4.0004c5a4	user_options->brain_client_features	2
TOP.670b09e4.0004c5a4	user_options->brain_server	0
TOP.670b09e4.0004c5a4	user_options->brain_server_timer	300
TOP.670b09e4.0004c5a4	user_options->brain_port	6863
TOP.670b09e4.0004c5a4	user_options->brain_session	0
TOP.670b09e4.0004c5a4	proc_start	1728776676
TOP.670b09e4.0004c5a4	proc_stop	1728776676
TOP.670b09e4.0004c5a4	STOP
TOP.670b09fe.0002a32b	START
TOP.670b09fe.0002a32b	folder_config->cwd	/home/jjarmon/Hashcat-Trial
TOP.670b09fe.0002a32b	folder_config->install_dir	/home/jjarmon/Hashcat-Trial
TOP.670b09fe.0002a32b	folder_config->profile_dir	/home/jjarmon/Hashcat-Trial
TOP.670b09fe.0002a32b	folder_config->session_dir	/home/jjarmon/Hashcat-Trial
TOP.670b09fe.0002a32b	folder_config->shared_dir	/home/jjarmon/Hashcat-Trial
TOP.670b09fe.0002a32b	user_options->encoding_from	utf-8
TOP.670b09fe.0002a32b	user_options->encoding_to	utf-8
TOP.670b09fe.0002a32b	user_options->rule_buf_l	:
TOP.670b09fe.0002a32b	user_options->rule_buf_r	:
TOP.670b09fe.0002a32b	user_options->session	hashcat
TOP.670b09fe.0002a32b	user_options->separator	:
TOP.670b09fe.0002a32b	user_options->limit	0
TOP.670b09fe.0002a32b	user_options->skip	0
TOP.670b09fe.0002a32b	user_options->attack_mode	0
TOP.670b09fe.0002a32b	user_options->backend_devices_virtual	1
TOP.670b09fe.0002a32b	user_options->benchmark	0
TOP.670b09fe.0002a32b	user_options->benchmark_all	0
TOP.670b09fe.0002a32b	user_options->bitmap_max	18
TOP.670b09fe.0002a32b	user_options->bitmap_min	16
TOP.670b09fe.0002a32b	user_options->debug_mode	0
TOP.670b09fe.0002a32b	user_options->dynamic_x	0
TOP.670b09fe.0002a32b	user_options->hash_info	0
TOP.670b09fe.0002a32b	user_options->force	0
TOP.670b09fe.0002a32b	user_options->hwmon	1
TOP.670b09fe.0002a32b	user_options->hwmon_temp_abort	90
TOP.670b09fe.0002a32b	user_options->hash_mode	0
TOP.670b09fe.0002a32b	user_options->hex_charset	0
TOP.670b09fe.0002a32b	user_options->hex_salt	0
TOP.670b09fe.0002a32b	user_options->hex_wordlist	0
TOP.670b09fe.0002a32b	user_options->hook_threads	20
TOP.670b09fe.0002a32b	user_options->identify	0
TOP.670b09fe.0002a32b	user_options->increment	0
TOP.670b09fe.0002a32b	user_options->increment_max	256
TOP.670b09fe.0002a32b	user_options->increment_min	1
TOP.670b09fe.0002a32b	user_options->keep_guessing	0
TOP.670b09fe.0002a32b	user_options->kernel_accel	0
TOP.670b09fe.0002a32b	user_options->kernel_loops	0
TOP.670b09fe.0002a32b	user_options->kernel_threads	0
TOP.670b09fe.0002a32b	user_options->keyspace	0
TOP.670b09fe.0002a32b	user_options->left	0
TOP.670b09fe.0002a32b	user_options->logfile	1
TOP.670b09fe.0002a32b	user_options->loopback	0
TOP.670b09fe.0002a32b	user_options->machine_readable	0
TOP.670b09fe.0002a32b	user_options->markov_classic	0
TOP.670b09fe.0002a32b	user_options->markov	1
TOP.670b09fe.0002a32b	user_options->markov_inverse	0
TOP.670b09fe.0002a32b	user_options->markov_threshold	256
TOP.670b09fe.0002a32b	user_options->metal_compiler_runtime	120
TOP.670b09fe.0002a32b	user_options->multiply_accel	1
TOP.670b09fe.0002a32b	user_options->backend_info	0
TOP.670b09fe.0002a32b	user_options->backend_vector_width	0
TOP.670b09fe.0002a32b	user_options->optimized_kernel	0
TOP.670b09fe.0002a32b	user_options->outfile_autohex	1
TOP.670b09fe.0002a32b	user_options->outfile_check_timer	5
TOP.670b09fe.0002a32b	user_options->outfile_format	3
TOP.670b09fe.0002a32b	user_options->outfile_json	0
TOP.670b09fe.0002a32b	user_options->wordlist_autohex	1
TOP.670b09fe.0002a32b	user_options->potfile	1
TOP.670b09fe.0002a32b	user_options->progress_only	0
TOP.670b09fe.0002a32b	user_options->quiet	0
TOP.670b09fe.0002a32b	user_options->remove	0
TOP.670b09fe.0002a32b	user_options->remove_timer	60
TOP.670b09fe.0002a32b	user_options->restore	0
TOP.670b09fe.0002a32b	user_options->restore_enable	1
TOP.670b09fe.0002a32b	user_options->restore_timer	1
TOP.670b09fe.0002a32b	user_options->rp_files_cnt	0
TOP.670b09fe.0002a32b	user_options->rp_gen	0
TOP.670b09fe.0002a32b	user_options->rp_gen_func_max	4
TOP.670b09fe.0002a32b	user_options->rp_gen_func_min	1
TOP.670b09fe.0002a32b	user_options->rp_gen_seed	0
TOP.670b09fe.0002a32b	user_options->runtime	0
TOP.670b09fe.0002a32b	user_options->scrypt_tmto	0
TOP.670b09fe.0002a32b	user_options->segment_size	33554432
TOP.670b09fe.0002a32b	user_options->self_test	1
TOP.670b09fe.0002a32b	user_options->slow_candidates	0
TOP.670b09fe.0002a32b	user_options->show	0
TOP.670b09fe.0002a32b	user_options->speed_only	0
TOP.670b09fe.0002a32b	user_options->spin_damp	0
TOP.670b09fe.0002a32b	user_options->status	1
TOP.670b09fe.0002a32b	user_options->status_json	0
TOP.670b09fe.0002a32b	user_options->status_timer	10
TOP.670b09fe.0002a32b	user_options->stdout_flag	0
TOP.670b09fe.0002a32b	user_options->usage	0
TOP.670b09fe.0002a32b	user_options->username	0
TOP.670b09fe.0002a32b	user_options->veracrypt_pim_start	485
TOP.670b09fe.0002a32b	user_options->veracrypt_pim_stop	485
TOP.670b09fe.0002a32b	user_options->version	0
TOP.670b09fe.0002a32b	user_options->workload_profile	3
TOP.670b09fe.0002a32b	user_options->brain_client	0
TOP.670b09fe.0002a32b	user_options->brain_client_features	2
TOP.670b09fe.0002a32b	user_options->brain_server	0
TOP.670b09fe.0002a32b	user_options->brain_server_timer	300
TOP.670b09fe.0002a32b	user_options->brain_port	6863
TOP.670b09fe.0002a32b	user_options->brain_session	0
TOP.670b09fe.0002a32b	proc_start	1728776702
TOP.670b09fe.0002a32b	proc_stop	1728776702
TOP.670b09fe.0002a32b	STOP
TOP.670b09fe.00034954	START
TOP.670b09fe.00034954	folder_config->cwd	/home/jjarmon/Hashcat-Trial
TOP.670b09fe.00034954	folder_config->install_dir	/home/jjarmon/Hashcat-Trial
TOP.670b09fe.00034954	folder_config->profile_dir	/home/jjarmon/Hashcat-Trial
TOP.670b09fe.00034954	folder_config->session_dir	/home/jjarmon/Hashcat-Trial
TOP.670b09fe.00034954	folder_config->shared_dir	/home/jjarmon/Hashcat-Trial
TOP.670b09fe.00034954	user_options->encoding_from	utf-8
TOP.670b09fe.00034954	user_options->encoding_to	utf-8
TOP.670b09fe.00034954	user_options->rule_buf_l	:
TOP.670b09fe.00034954	user_options->rule_buf_r	:
TOP.670b09fe.00034954	user_options->session	hashcat
TOP.670b09fe.00034954	user_options->separator	:
TOP.670b09fe.00034954	user_options->limit	0
TOP.670b09fe.00034954	user_options->skip	0
TOP.670b09fe.00034954	user_options->attack_mode	0
TOP.670b09fe.00034954	user_options->backend_devices_virtual	1
TOP.670b09fe.00034954	user_options->benchmark	0
TOP.670b09fe.00034954	user_options->benchmark_all	0
TOP.670b09fe.00034954	user_options->bitmap_max	18
TOP.670b09fe.00034954	user_options->bitmap_min	16
TOP.670b09fe.00034954	user_options->debug_mode	0
TOP.670b09fe.00034954	user_options->dynamic_x	0
TOP.670b09fe.00034954	user_options->hash_info	0
TOP.670b09fe.00034954	user_options->force	0
TOP.670b09fe.00034954	user_options->hwmon	1
TOP.670b09fe.00034954	user_options->hwmon_temp_abort	90
TOP.670b09fe.00034954	user_options->hash_mode	100
TOP.670b09fe.00034954	user_options->hex_charset	0
TOP.670b09fe.00034954	user_options->hex_salt	0
TOP.670b09fe.00034954	user_options->hex_wordlist	0
TOP.670b09fe.00034954	user_options->hook_threads	20
TOP.670b09fe.00034954	user_options->identify	0
TOP.670b09fe.00034954	user_options->increment	0
TOP.670b09fe.00034954	user_options->increment_max	256
TOP.670b09fe.00034954	user_options->increment_min	1
TOP.670b09fe.00034954	user_options->keep_guessing	0
TOP.670b09fe.00034954	user_options->kernel_accel	0
TOP.670b09fe.00034954	user_options->kernel_loops	0
TOP.670b09fe.00034954	user_options->kernel_threads	0
TOP.670b09fe.00034954	user_options->keyspace	0
TOP.670b09fe.00034954	user_options->left	0
TOP.670b09fe.00034954	user_options->logfile	1
TOP.670b09fe.00034954	user_options->loopback	0
TOP.670b09fe.00034954	user_options->machine_readable	0
TOP.670b09fe.00034954	user_options->markov_classic	0
TOP.670b09fe.00034954	user_options->markov	1
TOP.670b09fe.00034954	user_options->markov_inverse	0
TOP.670b09fe.00034954	user_options->markov_threshold	256
TOP.670b09fe.00034954	user_options->metal_compiler_runtime	120
TOP.670b09fe.00034954	user_options->multiply_accel	1
TOP.670b09fe.00034954	user_options->backend_info	0
TOP.670b09fe.00034954	user_options->backend_vector_width	0
TOP.670b09fe.00034954	user_options->optimized_kernel	0
TOP.670b09fe.00034954	user_options->outfile_autohex	1
TOP.670b09fe.00034954	user_options->outfile_check_timer	5
TOP.670b09fe.00034954	user_options->outfile_format	3
TOP.670b09fe.00034954	user_options->outfile_json	0
TOP.670b09fe.00034954	user_options->wordlist_autohex	1
TOP.670b09fe.00034954	user_options->potfile	1
TOP.670b09fe.00034954	user_options->progress_only	0
TOP.670b09fe.00034954	user_options->quiet	0
TOP.670b09fe.00034954	user_options->remove	0
TOP.670b09fe.00034954	user_options->remove_timer	60
TOP.670b09fe.00034954	user_options->restore	0
TOP.670b09fe.00034954	user_options->restore_enable	1
TOP.670b09fe.00034954	user_options->restore_timer	1
TOP.670b09fe.00034954	user_options->rp_files_cnt	0
TOP.670b09fe.00034954	user_options->rp_gen	0
TOP.670b09fe.00034954	user_options->rp_gen_func_max	4
TOP.670b09fe.00034954	user_options->rp_gen_func_min	1
TOP.670b09fe.00034954	user_options->rp_gen_seed	0
TOP.670b09fe.00034954	user_options->runtime	0
TOP.670b09fe.00034954	user_options->scrypt_tmto	0
TOP.670b09fe.00034954	user_options->segment_size	33554432
TOP.670b09fe.00034954	user_options->self_test	1
TOP.670b09fe.00034954	user_options->slow_candidates	0
TOP.670b09fe.00034954	user_options->show	0
TOP.670b09fe.00034954	user_options->speed_only	0
TOP.670b09fe.00034954	user_options->spin_damp	0
TOP.670b09fe.00034954	user_options->status	1
TOP.670b09fe.00034954	user_options->status_json	0
TOP.670b09fe.00034954	user_options->status_timer	10
TOP.670b09fe.00034954	user_options->stdout_flag	0
TOP.670b09fe.00034954	user_options->usage	0
TOP.670b09fe.00034954	user_options->username	0
TOP.670b09fe.00034954	user_options->veracrypt_pim_start	485
TOP.670b09fe.00034954	user_options->veracrypt_pim_stop	485
TOP.670b09fe.00034954	user_options->version	0
TOP.670b09fe.00034954	user_options->workload_profile	3
TOP.670b09fe.00034954	user_options->brain_client	0
TOP.670b09fe.00034954	user_options->brain_client_features	2
TOP.670b09fe.00034954	user_options->brain_server	0
TOP.670b09fe.00034954	user_options->brain_server_timer	300
TOP.670b09fe.00034954	user_options->brain_port	6863
TOP.670b09fe.00034954	user_options->brain_session	0
TOP.670b09fe.00034954	proc_start	1728776702
TOP.670b09fe.00034954	proc_stop	1728776702
TOP.670b09fe.00034954	STOP
TOP.670b09fe.0003eef9	START
TOP.670b09fe.0003eef9	folder_config->cwd	/home/jjarmon/Hashcat-Trial
TOP.670b09fe.0003eef9	folder_config->install_dir	/home/jjarmon/Hashcat-Trial
TOP.670b09fe.0003eef9	folder_config->profile_dir	/home/jjarmon/Hashcat-Trial
TOP.670b09fe.0003eef9	folder_config->session_dir	/home/jjarmon/Hashcat-Trial
TOP.670b09fe.0003eef9	folder_config->shared_dir	/home/jjarmon/Hashcat-Trial
TOP.670b09fe.0003eef9	user_options->encoding_from	utf-8
TOP.670b09fe.0003eef9	user_options->encoding_to	utf-8
TOP.670b09fe.0003eef9	user_options->rule_buf_l	:
TOP.670b09fe.0003eef9	user_options->rule_buf_r	:
TOP.670b09fe.0003eef9	user_options->session	hashcat
TOP.670b09fe.0003eef9	user_options->separator	:
TOP.670b09fe.0003eef9	user_options->limit	0
TOP.670b09fe.0003eef9	user_options->skip	0
TOP.670b09fe.0003eef9	user_options->attack_mode	0
TOP.670b09fe.0003eef9	user_options->backend_devices_virtual	1
TOP.670b09fe.0003eef9	user_options->benchmark	0
TOP.670b09fe.0003eef9	user_options->benchmark_all	0
TOP.670b09fe.0003eef9	user_options->bitmap_max	18
TOP.670b09fe.0003eef9	user_options->bitmap_min	16
TOP.670b09fe.0003eef9	user_options->debug_mode	0
TOP.670b09fe.0003eef9	user_options->dynamic_x	0
TOP.670b09fe.0003eef9	user_options->hash_info	0
TOP.670b09fe.0003eef9	user_options->force	0
TOP.670b09fe.0003eef9	user_options->hwmon	1
TOP.670b09fe.0003eef9	user_options->hwmon_temp_abort	90
TOP.670b09fe.0003eef9	user_options->hash_mode	1400
TOP.670b09fe.0003eef9	user_options->hex_charset	0
TOP.670b09fe.0003eef9	user_options->hex_salt	0
TOP.670b09fe.0003eef9	user_options->hex_wordlist	0
TOP.670b09fe.0003eef9	user_options->hook_threads	20
TOP.670b09fe.0003eef9	user_options->identify	0
TOP.670b09fe.0003eef9	user_options->increment	0
TOP.670b09fe.0003eef9	user_options->increment_max	256
TOP.670b09fe.0003eef9	user_options->increment_min	1
TOP.670b09fe.0003eef9	user_options->keep_guessing	0
TOP.670b09fe.0003eef9	user_options->kernel_accel	0
TOP.670b09fe.0003eef9	user_options->kernel_loops	0
TOP.670b09fe.0003eef9	user_options->kernel_threads	0
TOP.670b09fe.0003eef9	user_options->keyspace	0
TOP.670b09fe.0003eef9	user_options->left	0
TOP.670b09fe.0003eef9	user_options->logfile	1
TOP.670b09fe.0003eef9	user_options->loopback	0
TOP.670b09fe.0003eef9	user_options->machine_readable	0
TOP.670b09fe.0003eef9	user_options->markov_classic	0
TOP.670b09fe.0003eef9	user_options->markov	1
TOP.670b09fe.0003eef9	user_options->markov_inverse	0
TOP.670b09fe.0003eef9	user_options->markov_threshold	256
TOP.670b09fe.0003eef9	user_options->metal_compiler_runtime	120
TOP.670b09fe.0003eef9	user_options->multiply_accel	1
TOP.670b09fe.0003eef9	user_options->backend_info	0
TOP.670b09fe.0003eef9	user_options->backend_vector_width	0
TOP.670b09fe.0003eef9	user_options->optimized_kernel	0
TOP.670b09fe.0003eef9	user_options->outfile_autohex	1
TOP.670b09fe.0003eef9	user_options->outfile_check_timer	5
TOP.670b09fe.0003eef9	user_options->outfile_format	3
TOP.670b09fe.0003eef9	user_options->outfile_json	0
TOP.670b09fe.0003eef9	user_options->wordlist_autohex	1
TOP.670b09fe.0003eef9	user_options->potfile	1
TOP.670b09fe.0003eef9	user_options->progress_only	0
TOP.670b09fe.0003eef9	user_options->quiet	0
TOP.670b09fe.0003eef9	user_options->remove	0
TOP.670b09fe.0003eef9	user_options->remove_timer	60
TOP.670b09fe.0003eef9	user_options->restore	0
TOP.670b09fe.0003eef9	user_options->restore_enable	1
TOP.670b09fe.0003eef9	user_options->restore_timer	1
TOP.670b09fe.0003eef9	user_options->rp_files_cnt	0
TOP.670b09fe.0003eef9	user_options->rp_gen	0
TOP.670b09fe.0003eef9	user_options->rp_gen_func_max	4
TOP.670b09fe.0003eef9	user_options->rp_gen_func_min	1
TOP.670b09fe.0003eef9	user_options->rp_gen_seed	0
TOP.670b09fe.0003eef9	user_options->runtime	0
TOP.670b09fe.0003eef9	user_options->scrypt_tmto	0
TOP.670b09fe.0003eef9	user_options->segment_size	33554432
TOP.670b09fe.0003eef9	user_options->self_test	1
TOP.670b09fe.0003eef9	user_options->slow_candidates	0
TOP.670b09fe.0003eef9	user_options->show	0
TOP.670b09fe.0003eef9	user_options->speed_only	0
TOP.670b09fe.0003eef9	user_options->spin_damp	0
TOP.670b09fe.0003eef9	user_options->status	1
TOP.670b09fe.0003eef9	user_options->status_json	0
TOP.670b09fe.0003eef9	user_options->status_timer	10
TOP.670b09fe.0003eef9	user_options->stdout_flag	0
TOP.670b09fe.0003eef9	user_options->usage	0
TOP.670b09fe.0003eef9	user_options->username	0
TOP.670b09fe.0003eef9	user_options->veracrypt_pim_start	485
TOP.670b09fe.0003eef9	user_options->veracrypt_pim_stop	485
TOP.670b09fe.0003eef9	user_options->version	0
TOP.670b09fe.0003eef9	user_options->workload_profile	3
TOP.670b09fe.0003eef9	user_options->brain_client	0
TOP.670b09fe.0003eef9	user_options->brain_client_features	2
TOP.670b09fe.0003eef9	user_options->brain_server	0
TOP.670b09fe.0003eef9	user_options->brain_server_timer	300
TOP.670b09fe.0003eef9	user_options->brain_port	6863
TOP.670b09fe.0003eef9	user_options->brain_session	0
TOP.670b09fe.0003eef9	proc_start	1728776702
TOP.670b09fe.0003eef9	proc_stop	1728776702
TOP.670b09fe.0003eef9	STOP
TOP.670b0b47.00051db2	START
TOP.670b0b47.00051db2	folder_config->cwd	/home/jjarmon/Hashcat-Trial
TOP.670b0b47.00051db2	folder_config->install_dir	/home/jjarmon/Hashcat-Trial
TOP.670b0b47.00051db2	folder_config->profile_dir	/home/jjarmon/Hashcat-Trial
TOP.670b0b47.00051db2	folder_config->session_dir	/home/jjarmon/Hashcat-Trial
TOP.670b0b47.00051db2	folder_config->shared_dir	/home/jjarmon/Hashcat-Trial
TOP.670b0b47.00051db2	user_options->encoding_from	utf-8
TOP.670b0b47.00051db2	user_options->encoding_to	utf-8
TOP.670b0b47.00051db2	user_options->rule_buf_l	:
TOP.670b0b47.00051db2	user_options->rule_buf_r	:
TOP.670b0b47.00051db2	user_options->session	hashcat
TOP.670b0b47.00051db2	user_options->separator	:
TOP.670b0b47.00051db2	user_options->limit	0
TOP.670b0b47.00051db2	user_options->skip	0
TOP.670b0b47.00051db2	user_options->attack_mode	0
TOP.670b0b47.00051db2	user_options->backend_devices_virtual	1
TOP.670b0b47.00051db2	user_options->benchmark	0
TOP.670b0b47.00051db2	user_options->benchmark_all	0
TOP.670b0b47.00051db2	user_options->bitmap_max	18
TOP.670b0b47.00051db2	user_options->bitmap_min	16
TOP.670b0b47.00051db2	user_options->debug_mode	0
TOP.670b0b47.00051db2	user_options->dynamic_x	0
TOP.670b0b47.00051db2	user_options->hash_info	0
TOP.670b0b47.00051db2	user_options->force	0
TOP.670b0b47.00051db2	user_options->hwmon	1
TOP.670b0b47.00051db2	user_options->hwmon_temp_abort	90
TOP.670b0b47.00051db2	user_options->hash_mode	0
TOP.670b0b47.00051db2	user_options->hex_charset	0
TOP.670b0b47.00051db2	user_options->hex_salt	0
TOP.670b0b47.00051db2	user_options->hex_wordlist	0
TOP.670b0b47.00051db2	user_options->hook_threads	20
TOP.670b0b47.00051db2	user_options->identify	0
TOP.670b0b47.00051db2	user_options->increment	0
TOP.670b0b47.00051db2	user_options->increment_max	256
TOP.670b0b47.00051db2	user_options->increment_min	1
TOP.670b0b47.00051db2	user_options->keep_guessing	0
TOP.670b0b47.00051db2	user_options->kernel_accel	0
TOP.670b0b47.00051db2	user_options->kernel_loops	0
TOP.670b0b47.00051db2	user_options->kernel_threads	0
TOP.670b0b47.00051db2	user_options->keyspace	0
TOP.670b0b47.00051db2	user_options->left	0
TOP.670b0b47.00051db2	user_options->logfile	1
TOP.670b0b47.00051db2	user_options->loopback	0
TOP.670b0b47.00051db2	user_options->machine_readable	0
TOP.670b0b47.00051db2	user_options->markov_classic	0
TOP.670b0b47.00051db2	user_options->markov	1
TOP.670b0b47.00051db2	user_options->markov_inverse	0
TOP.670b0b47.00051db2	user_options->markov_threshold	256
TOP.670b0b47.00051db2	user_options->metal_compiler_runtime	120
TOP.670b0b47.00051db2	user_options->multiply_accel	1
TOP.670b0b47.00051db2	user_options->backend_info	0
TOP.670b0b47.00051db2	user_options->backend_vector_width	0
TOP.670b0b47.00051db2	user_options->optimized_kernel	0
TOP.670b0b47.00051db2	user_options->outfile_autohex	1
TOP.670b0b47.00051db2	user_options->outfile_check_timer	5
TOP.670b0b47.00051db2	user_options->outfile_format	3
TOP.670b0b47.00051db2	user_options->outfile_json	0
TOP.670b0b47.00051db2	user_options->wordlist_autohex	1
TOP.670b0b47.00051db2	user_options->potfile	1
TOP.670b0b47.00051db2	user_options->progress_only	0
TOP.670b0b47.00051db2	user_options->quiet	0
TOP.670b0b47.00051db2	user_options->remove	0
TOP.670b0b47.00051db2	user_options->remove_timer	60
TOP.670b0b47.00051db2	user_options->restore	0
TOP.670b0b47.00051db2	user_options->restore_enable	1
TOP.670b0b47.00051db2	user_options->restore_timer	1
TOP.670b0b47.00051db2	user_options->rp_files_cnt	0
TOP.670b0b47.00051db2	user_options->rp_gen	0
TOP.670b0b47.00051db2	user_options->rp_gen_func_max	4
TOP.670b0b47.00051db2	user_options->rp_gen_func_min	1
TOP.670b0b47.00051db2	user_options->rp_gen_seed	0
TOP.670b0b47.00051db2	user_options->runtime	0
TOP.670b0b47.00051db2	user_options->scrypt_tmto	0
TOP.670b0b47.00051db2	user_options->segment_size	33554432
TOP.670b0b47.00051db2	user_options->self_test	1
TOP.670b0b47.00051db2	user_options->slow_candidates	0
TOP.670b0b47.00051db2	user_options->show	0
TOP.670b0b47.00051db2	user_options->speed_only	0
TOP.670b0b47.00051db2	user_options->spin_damp	0
TOP.670b0b47.00051db2	user_options->status	1
TOP.670b0b47.00051db2	user_options->status_json	0
TOP.670b0b47.00051db2	user_options->status_timer	10
TOP.670b0b47.00051db2	user_options->stdout_flag	0
TOP.670b0b47.00051db2	user_options->usage	0
TOP.670b0b47.00051db2	user_options->username	0
TOP.670b0b47.00051db2	user_options->veracrypt_pim_start	485
TOP.670b0b47.00051db2	user_options->veracrypt_pim_stop	485
TOP.670b0b47.00051db2	user_options->version	0
TOP.670b0b47.00051db2	user_options->workload_profile	3
TOP.670b0b47.00051db2	user_options->brain_client	0
TOP.670b0b47.00051db2	user_options->brain_client_features	2
TOP.670b0b47.00051db2	user_options->brain_server	0
TOP.670b0b47.00051db2	user_options->brain_server_timer	300
TOP.670b0b47.00051db2	user_options->brain_port	6863
TOP.670b0b47.00051db2	user_options->brain_session	0
TOP.670b0b47.00051db2	hashes->hashfile	merged_wordlist.txt
TOP.670b0b47.00051db2	hashes->hashlist_mode	5
TOP.670b0b47.00051db2	hashes->hashlist_format	0
TOP.670b0b47.00051db2	hashes->hashes_cnt	0
TOP.670b0b47.00051db2	hashes->digests_cnt	51
TOP.670b0b47.00051db2	hashes->digests_done_pot	0
TOP.670b0b47.00051db2	hashes->digests_done_zero	0
TOP.670b0b47.00051db2	hashes->digests_done	0
TOP.670b0b47.00051db2	hashes->salts_cnt	1
TOP.670b0b47.00051db2	hashes->salts_done	0
TOP.670b0b47.00051db2	SUB.670b0c2b.0006c270	START
TOP.670b0b47.00051db2	SUB.670b0c2b.0006c270	runtime_start	1728777259
TOP.670b0b47.00051db2	SUB.670b0c2b.0006c270	runtime_stop	1728777259
TOP.670b0b47.00051db2	SUB.670b0c2b.0006c270	hashes->digests_done_new	0
TOP.670b0b47.00051db2	SUB.670b0c2b.0006c270	status-after-work	5
TOP.670b0b47.00051db2	SUB.670b0c2b.0006c270	STOP
TOP.670b0b47.00051db2	proc_start	1728777031
TOP.670b0b47.00051db2	proc_stop	1728777260
TOP.670b0b47.00051db2	STOP
TOP.670b0c2c.0008d1d9	START
TOP.670b0c2c.0008d1d9	folder_config->cwd	/home/jjarmon/Hashcat-Trial
TOP.670b0c2c.0008d1d9	folder_config->install_dir	/home/jjarmon/Hashcat-Trial
TOP.670b0c2c.0008d1d9	folder_config->profile_dir	/home/jjarmon/Hashcat-Trial
TOP.670b0c2c.0008d1d9	folder_config->session_dir	/home/jjarmon/Hashcat-Trial
TOP.670b0c2c.0008d1d9	folder_config->shared_dir	/home/jjarmon/Hashcat-Trial
TOP.670b0c2c.0008d1d9	user_options->encoding_from	utf-8
TOP.670b0c2c.0008d1d9	user_options->encoding_to	utf-8
TOP.670b0c2c.0008d1d9	user_options->rule_buf_l	:
TOP.670b0c2c.0008d1d9	user_options->rule_buf_r	:
TOP.670b0c2c.0008d1d9	user_options->session	hashcat
TOP.670b0c2c.0008d1d9	user_options->separator	:
TOP.670b0c2c.0008d1d9	user_options->limit	0
TOP.670b0c2c.0008d1d9	user_options->skip	0
TOP.670b0c2c.0008d1d9	user_options->attack_mode	0
TOP.670b0c2c.0008d1d9	user_options->backend_devices_virtual	1
TOP.670b0c2c.0008d1d9	user_options->benchmark	0
TOP.670b0c2c.0008d1d9	user_options->benchmark_all	0
TOP.670b0c2c.0008d1d9	user_options->bitmap_max	18
TOP.670b0c2c.0008d1d9	user_options->bitmap_min	16
TOP.670b0c2c.0008d1d9	user_options->debug_mode	0
TOP.670b0c2c.0008d1d9	user_options->dynamic_x	0
TOP.670b0c2c.0008d1d9	user_options->hash_info	0
TOP.670b0c2c.0008d1d9	user_options->force	0
TOP.670b0c2c.0008d1d9	user_options->hwmon	1
TOP.670b0c2c.0008d1d9	user_options->hwmon_temp_abort	90
TOP.670b0c2c.0008d1d9	user_options->hash_mode	100
TOP.670b0c2c.0008d1d9	user_options->hex_charset	0
TOP.670b0c2c.0008d1d9	user_options->hex_salt	0
TOP.670b0c2c.0008d1d9	user_options->hex_wordlist	0
TOP.670b0c2c.0008d1d9	user_options->hook_threads	20
TOP.670b0c2c.0008d1d9	user_options->identify	0
TOP.670b0c2c.0008d1d9	user_options->increment	0
TOP.670b0c2c.0008d1d9	user_options->increment_max	256
TOP.670b0c2c.0008d1d9	user_options->increment_min	1
TOP.670b0c2c.0008d1d9	user_options->keep_guessing	0
TOP.670b0c2c.0008d1d9	user_options->kernel_accel	0
TOP.670b0c2c.0008d1d9	user_options->kernel_loops	0
TOP.670b0c2c.0008d1d9	user_options->kernel_threads	0
TOP.670b0c2c.0008d1d9	user_options->keyspace	0
TOP.670b0c2c.0008d1d9	user_options->left	0
TOP.670b0c2c.0008d1d9	user_options->logfile	1
TOP.670b0c2c.0008d1d9	user_options->loopback	0
TOP.670b0c2c.0008d1d9	user_options->machine_readable	0
TOP.670b0c2c.0008d1d9	user_options->markov_classic	0
TOP.670b0c2c.0008d1d9	user_options->markov	1
TOP.670b0c2c.0008d1d9	user_options->markov_inverse	0
TOP.670b0c2c.0008d1d9	user_options->markov_threshold	256
TOP.670b0c2c.0008d1d9	user_options->metal_compiler_runtime	120
TOP.670b0c2c.0008d1d9	user_options->multiply_accel	1
TOP.670b0c2c.0008d1d9	user_options->backend_info	0
TOP.670b0c2c.0008d1d9	user_options->backend_vector_width	0
TOP.670b0c2c.0008d1d9	user_options->optimized_kernel	0
TOP.670b0c2c.0008d1d9	user_options->outfile_autohex	1
TOP.670b0c2c.0008d1d9	user_options->outfile_check_timer	5
TOP.670b0c2c.0008d1d9	user_options->outfile_format	3
TOP.670b0c2c.0008d1d9	user_options->outfile_json	0
TOP.670b0c2c.0008d1d9	user_options->wordlist_autohex	1
TOP.670b0c2c.0008d1d9	user_options->potfile	1
TOP.670b0c2c.0008d1d9	user_options->progress_only	0
TOP.670b0c2c.0008d1d9	user_options->quiet	0
TOP.670b0c2c.0008d1d9	user_options->remove	0
TOP.670b0c2c.0008d1d9	user_options->remove_timer	60
TOP.670b0c2c.0008d1d9	user_options->restore	0
TOP.670b0c2c.0008d1d9	user_options->restore_enable	1
TOP.670b0c2c.0008d1d9	user_options->restore_timer	1
TOP.670b0c2c.0008d1d9	user_options->rp_files_cnt	0
TOP.670b0c2c.0008d1d9	user_options->rp_gen	0
TOP.670b0c2c.0008d1d9	user_options->rp_gen_func_max	4
TOP.670b0c2c.0008d1d9	user_options->rp_gen_func_min	1
TOP.670b0c2c.0008d1d9	user_options->rp_gen_seed	0
TOP.670b0c2c.0008d1d9	user_options->runtime	0
TOP.670b0c2c.0008d1d9	user_options->scrypt_tmto	0
TOP.670b0c2c.0008d1d9	user_options->segment_size	33554432
TOP.670b0c2c.0008d1d9	user_options->self_test	1
TOP.670b0c2c.0008d1d9	user_options->slow_candidates	0
TOP.670b0c2c.0008d1d9	user_options->show	0
TOP.670b0c2c.0008d1d9	user_options->speed_only	0
TOP.670b0c2c.0008d1d9	user_options->spin_damp	0
TOP.670b0c2c.0008d1d9	user_options->status	1
TOP.670b0c2c.0008d1d9	user_options->status_json	0
TOP.670b0c2c.0008d1d9	user_options->status_timer	10
TOP.670b0c2c.0008d1d9	user_options->stdout_flag	0
TOP.670b0c2c.0008d1d9	user_options->usage	0
TOP.670b0c2c.0008d1d9	user_options->username	0
TOP.670b0c2c.0008d1d9	user_options->veracrypt_pim_start	485
TOP.670b0c2c.0008d1d9	user_options->veracrypt_pim_stop	485
TOP.670b0c2c.0008d1d9	user_options->version	0
TOP.670b0c2c.0008d1d9	user_options->workload_profile	3
TOP.670b0c2c.0008d1d9	user_options->brain_client	0
TOP.670b0c2c.0008d1d9	user_options->brain_client_features	2
TOP.670b0c2c.0008d1d9	user_options->brain_server	0
TOP.670b0c2c.0008d1d9	user_options->brain_server_timer	300
TOP.670b0c2c.0008d1d9	user_options->brain_port	6863
TOP.670b0c2c.0008d1d9	user_options->brain_session	0
TOP.670b0c2c.0008d1d9	hashes->hashfile	merged_wordlist.txt
TOP.670b0c2c.0008d1d9	hashes->hashlist_mode	5
TOP.670b0c2c.0008d1d9	hashes->hashlist_format	0
TOP.670b0c2c.0008d1d9	hashes->hashes_cnt	0
TOP.670b0c2c.0008d1d9	hashes->digests_cnt	4
TOP.670b0c2c.0008d1d9	hashes->digests_done_pot	0
TOP.670b0c2c.0008d1d9	hashes->digests_done_zero	0
TOP.670b0c2c.0008d1d9	hashes->digests_done	0
TOP.670b0c2c.0008d1d9	hashes->salts_cnt	1
TOP.670b0c2c.0008d1d9	hashes->salts_done	0
TOP.670b0c2c.0008d1d9	SUB.670b0d1a.00096bdc	START
TOP.670b0c2c.0008d1d9	SUB.670b0d1a.00096bdc	runtime_start	1728777498
TOP.670b0c2c.0008d1d9	SUB.670b0d1a.00096bdc	runtime_stop	1728777498
TOP.670b0c2c.0008d1d9	SUB.670b0d1a.00096bdc	hashes->digests_done_new	0
TOP.670b0c2c.0008d1d9	SUB.670b0d1a.00096bdc	status-after-work	5
TOP.670b0c2c.0008d1d9	SUB.670b0d1a.00096bdc	STOP
TOP.670b0c2c.0008d1d9	proc_start	1728777260
TOP.670b0c2c.0008d1d9	proc_stop	1728777499
TOP.670b0c2c.0008d1d9	STOP
TOP.670b0d1b.000c78c9	START
TOP.670b0d1b.000c78c9	folder_config->cwd	/home/jjarmon/Hashcat-Trial
TOP.670b0d1b.000c78c9	folder_config->install_dir	/home/jjarmon/Hashcat-Trial
TOP.670b0d1b.000c78c9	folder_config->profile_dir	/home/jjarmon/Hashcat-Trial
TOP.670b0d1b.000c78c9	folder_config->session_dir	/home/jjarmon/Hashcat-Trial
TOP.670b0d1b.000c78c9	folder_config->shared_dir	/home/jjarmon/Hashcat-Trial
TOP.670b0d1b.000c78c9	user_options->encoding_from	utf-8
TOP.670b0d1b.000c78c9	user_options->encoding_to	utf-8
TOP.670b0d1b.000c78c9	user_options->rule_buf_l	:
TOP.670b0d1b.000c78c9	user_options->rule_buf_r	:
TOP.670b0d1b.000c78c9	user_options->session	hashcat
TOP.670b0d1b.000c78c9	user_options->separator	:
TOP.670b0d1b.000c78c9	user_options->limit	0
TOP.670b0d1b.000c78c9	user_options->skip	0
TOP.670b0d1b.000c78c9	user_options->attack_mode	0
TOP.670b0d1b.000c78c9	user_options->backend_devices_virtual	1
TOP.670b0d1b.000c78c9	user_options->benchmark	0
TOP.670b0d1b.000c78c9	user_options->benchmark_all	0
TOP.670b0d1b.000c78c9	user_options->bitmap_max	18
TOP.670b0d1b.000c78c9	user_options->bitmap_min	16
TOP.670b0d1b.000c78c9	user_options->debug_mode	0
TOP.670b0d1b.000c78c9	user_options->dynamic_x	0
TOP.670b0d1b.000c78c9	user_options->hash_info	0
TOP.670b0d1b.000c78c9	user_options->force	0
TOP.670b0d1b.000c78c9	user_options->hwmon	1
TOP.670b0d1b.000c78c9	user_options->hwmon_temp_abort	90
TOP.670b0d1b.000c78c9	user_options->hash_mode	1400
TOP.670b0d1b.000c78c9	user_options->hex_charset	0
TOP.670b0d1b.000c78c9	user_options->hex_salt	0
TOP.670b0d1b.000c78c9	user_options->hex_wordlist	0
TOP.670b0d1b.000c78c9	user_options->hook_threads	20
TOP.670b0d1b.000c78c9	user_options->identify	0
TOP.670b0d1b.000c78c9	user_options->increment	0
TOP.670b0d1b.000c78c9	user_options->increment_max	256
TOP.670b0d1b.000c78c9	user_options->increment_min	1
TOP.670b0d1b.000c78c9	user_options->keep_guessing	0
TOP.670b0d1b.000c78c9	user_options->kernel_accel	0
TOP.670b0d1b.000c78c9	user_options->kernel_loops	0
TOP.670b0d1b.000c78c9	user_options->kernel_threads	0
TOP.670b0d1b.000c78c9	user_options->keyspace	0
TOP.670b0d1b.000c78c9	user_options->left	0
TOP.670b0d1b.000c78c9	user_options->logfile	1
TOP.670b0d1b.000c78c9	user_options->loopback	0
TOP.670b0d1b.000c78c9	user_options->machine_readable	0
TOP.670b0d1b.000c78c9	user_options->markov_classic	0
TOP.670b0d1b.000c78c9	user_options->markov	1
TOP.670b0d1b.000c78c9	user_options->markov_inverse	0
TOP.670b0d1b.000c78c9	user_options->markov_threshold	256
TOP.670b0d1b.000c78c9	user_options->metal_compiler_runtime	120
TOP.670b0d1b.000c78c9	user_options->multiply_accel	1
TOP.670b0d1b.000c78c9	user_options->backend_info	0
TOP.670b0d1b.000c78c9	user_options->backend_vector_width	0
TOP.670b0d1b.000c78c9	user_options->optimized_kernel	0
TOP.670b0d1b.000c78c9	user_options->outfile_autohex	1
TOP.670b0d1b.000c78c9	user_options->outfile_check_timer	5
TOP.670b0d1b.000c78c9	user_options->outfile_format	3
TOP.670b0d1b.000c78c9	user_options->outfile_json	0
TOP.670b0d1b.000c78c9	user_options->wordlist_autohex	1
TOP.670b0d1b.000c78c9	user_options->potfile	1
TOP.670b0d1b.000c78c9	user_options->progress_only	0
TOP.670b0d1b.000c78c9	user_options->quiet	0
TOP.670b0d1b.000c78c9	user_options->remove	0
TOP.670b0d1b.000c78c9	user_options->remove_timer	60
TOP.670b0d1b.000c78c9	user_options->restore	0
TOP.670b0d1b.000c78c9	user_options->restore_enable	1
TOP.670b0d1b.000c78c9	user_options->restore_timer	1
TOP.670b0d1b.000c78c9	user_options->rp_files_cnt	0
TOP.670b0d1b.000c78c9	user_options->rp_gen	0
TOP.670b0d1b.000c78c9	user_options->rp_gen_func_max	4
TOP.670b0d1b.000c78c9	user_options->rp_gen_func_min	1
TOP.670b0d1b.000c78c9	user_options->rp_gen_seed	0
TOP.670b0d1b.000c78c9	user_options->runtime	0
TOP.670b0d1b.000c78c9	user_options->scrypt_tmto	0
TOP.670b0d1b.000c78c9	user_options->segment_size	33554432
TOP.670b0d1b.000c78c9	user_options->self_test	1
TOP.670b0d1b.000c78c9	user_options->slow_candidates	0
TOP.670b0d1b.000c78c9	user_options->show	0
TOP.670b0d1b.000c78c9	user_options->speed_only	0
TOP.670b0d1b.000c78c9	user_options->spin_damp	0
TOP.670b0d1b.000c78c9	user_options->status	1
TOP.670b0d1b.000c78c9	user_options->status_json	0
TOP.670b0d1b.000c78c9	user_options->status_timer	10
TOP.670b0d1b.000c78c9	user_options->stdout_flag	0
TOP.670b0d1b.000c78c9	user_options->usage	0
TOP.670b0d1b.000c78c9	user_options->username	0
TOP.670b0d1b.000c78c9	user_options->veracrypt_pim_start	485
TOP.670b0d1b.000c78c9	user_options->veracrypt_pim_stop	485
TOP.670b0d1b.000c78c9	user_options->version	0
TOP.670b0d1b.000c78c9	user_options->workload_profile	3
TOP.670b0d1b.000c78c9	user_options->brain_client	0
TOP.670b0d1b.000c78c9	user_options->brain_client_features	2
TOP.670b0d1b.000c78c9	user_options->brain_server	0
TOP.670b0d1b.000c78c9	user_options->brain_server_timer	300
TOP.670b0d1b.000c78c9	user_options->brain_port	6863
TOP.670b0d1b.000c78c9	user_options->brain_session	0
TOP.670b0d1b.000c78c9	hashes->hashfile	merged_wordlist.txt
TOP.670b0d1b.000c78c9	hashes->hashlist_mode	5
TOP.670b0d1b.000c78c9	hashes->hashlist_format	0
TOP.670b0d1b.000c78c9	hashes->hashes_cnt	0
TOP.670b0d1b.000c78c9	hashes->digests_cnt	2
TOP.670b0d1b.000c78c9	hashes->digests_done_pot	0
TOP.670b0d1b.000c78c9	hashes->digests_done_zero	0
TOP.670b0d1b.000c78c9	hashes->digests_done	0
TOP.670b0d1b.000c78c9	hashes->salts_cnt	1
TOP.670b0d1b.000c78c9	hashes->salts_done	0
TOP.670b0d1b.000c78c9	SUB.670b0e07.00073b0f	START
TOP.670b0d1b.000c78c9	SUB.670b0e07.00073b0f	runtime_start	1728777735
TOP.670b0d1b.000c78c9	SUB.670b0e07.00073b0f	runtime_stop	1728777735
TOP.670b0d1b.000c78c9	SUB.670b0e07.00073b0f	hashes->digests_done_new	0
TOP.670b0d1b.000c78c9	SUB.670b0e07.00073b0f	status-after-work	5
TOP.670b0d1b.000c78c9	SUB.670b0e07.00073b0f	STOP
TOP.670b0d1b.000c78c9	proc_start	1728777499
TOP.670b0d1b.000c78c9	proc_stop	1728777736
TOP.670b0d1b.000c78c9	STOP
